#
# A fatal error has been detected by the Java Runtime Environment:
#
#  EXCEPTION_ACCESS_VIOLATION (0xc0000005) at pc=0x0000000066b1f4ee, pid=14612, tid=3044
#
# JRE version: Java(TM) SE Runtime Environment (16.0.2+7) (build 16.0.2+7-67)
# Java VM: Java HotSpot(TM) 64-Bit Server VM (16.0.2+7-67, mixed mode, sharing, tiered, compressed oops, compressed class ptrs, g1 gc, windows-amd64)
# Problematic frame:
# C  [gdx-box2d64.dll+0x1f4ee]
#
# No core dump will be written. Minidumps are not enabled by default on client versions of Windows
#
# If you would like to submit a bug report, please visit:
#   https://bugreport.java.com/bugreport/crash.jsp
# The crash happened outside the Java Virtual Machine in native code.
# See problematic frame for where to report the bug.
#

---------------  S U M M A R Y ------------

Command Line: -Dfile.encoding=windows-1252 -Duser.country=US -Duser.language=en -Duser.variant com.badlogic.soulknight.desktop.DesktopLauncher

Host: Intel(R) Core(TM) i7-4800MQ CPU @ 2.70GHz, 8 cores, 7G,  Windows 10 , 64 bit Build 19041 (10.0.19041.1348)
Time: Sat Jan  8 07:55:12 2022 SE Asia Standard Time elapsed time: 14.126135 seconds (0d 0h 0m 14s)

---------------  T H R E A D  ---------------

Current thread (0x0000022a4b46b350):  JavaThread "LWJGL Application" [_thread_in_native, id=3044, stack(0x000000f412b00000,0x000000f412c00000)]

Stack: [0x000000f412b00000,0x000000f412c00000],  sp=0x000000f412bfe830,  free space=1018k
Native frames: (J=compiled Java code, j=interpreted, Vv=VM code, C=native code)
C  [gdx-box2d64.dll+0x1f4ee]

Java frames: (J=compiled Java code, j=interpreted, Vv=VM code)
J 1737  com.badlogic.gdx.physics.box2d.World.jniStep(JFII)V (0 bytes) @ 0x0000022a3b60ee79 [0x0000022a3b60ee20+0x0000000000000059]
J 1647 c1 com.badlogic.gdx.physics.box2d.World.step(FII)V (12 bytes) @ 0x0000022a342f70c4 [0x0000022a342f7040+0x0000000000000084]
J 1730 c1 com.badlogic.soulknight.Screens.PlayScreen.update(F)V (130 bytes) @ 0x0000022a343269c4 [0x0000022a34326920+0x00000000000000a4]
J 1645 c1 com.badlogic.soulknight.Screens.PlayScreen.render(F)V (70 bytes) @ 0x0000022a342f631c [0x0000022a342f6020+0x00000000000002fc]
J 1783 c1 com.badlogic.soulknight.SoulKnight.render()V (5 bytes) @ 0x0000022a343420ac [0x0000022a34341e60+0x000000000000024c]
j  com.badlogic.gdx.backends.lwjgl.LwjglApplication.mainLoop()V+776
j  com.badlogic.gdx.backends.lwjgl.LwjglApplication$1.run()V+27
v  ~StubRoutines::call_stub

siginfo: EXCEPTION_ACCESS_VIOLATION (0xc0000005), reading address 0x0000022a54d1a530


Register to memory mapping:

RIP=0x0000000066b1f4ee gdx-box2d64.dll
RAX=0xfffffffffffffffe is an unknown value
RBX=0x0000022a54d43cc0 points into unknown readable memory: 0x0000022a54cc0080 | 80 00 cc 54 2a 02 00 00
RCX=0x0000022a4b471150 points into unknown readable memory: 0xffffffff00000002 | 02 00 00 00 ff ff ff ff
RDX=0x0000022a4a3186a8 points into unknown readable memory: 0x0000022a4ab69e48 | 48 9e b6 4a 2a 02 00 00
RSP=0x000000f412bfe830 is pointing into the stack for thread: 0x0000022a4b46b350
RBP=0x0000022a54d01eb0 is an unknown value
RSI=0x0 is NULL
RDI=0x0000022a54d27de8 is an unknown value
R8 =0x0000000000000004 is an unknown value
R9 =0x0000000000000004 is an unknown value
R10=0x0000022a4b4a2af0 points into unknown readable memory: 0x0000001e00000003 | 03 00 00 00 1e 00 00 00
R11=0x000000f412bfe700 is pointing into the stack for thread: 0x0000022a4b46b350
R12=0x0 is NULL
R13=0x0000022a54d1b060 is an unknown value
R14=0x0000022a54d1a520 is an unknown value
R15=0x0000022a54d17d10 is an unknown value


Registers:
RAX=0xfffffffffffffffe, RBX=0x0000022a54d43cc0, RCX=0x0000022a4b471150, RDX=0x0000022a4a3186a8
RSP=0x000000f412bfe830, RBP=0x0000022a54d01eb0, RSI=0x0000000000000000, RDI=0x0000022a54d27de8
R8 =0x0000000000000004, R9 =0x0000000000000004, R10=0x0000022a4b4a2af0, R11=0x000000f412bfe700
R12=0x0000000000000000, R13=0x0000022a54d1b060, R14=0x0000022a54d1a520, R15=0x0000022a54d17d10
RIP=0x0000000066b1f4ee, EFLAGS=0x0000000000010246

Top of Stack: (sp=0x000000f412bfe830)
0x000000f412bfe830:   000000f412bfe8c0 0000022a3b5c2a26
0x000000f412bfe840:   000000f412bfe8d0 0000000066b0c68c
0x000000f412bfe850:   000000003f800000 0000000000000000
0x000000f412bfe860:   0000000000000001 0000022a54ce8c10
0x000000f412bfe870:   000000f412bfe8e0 000000f412bfe8d0
0x000000f412bfe880:   0000022a54d01eb0 0000000000000006
0x000000f412bfe890:   0000000080e7c2f0 000000f412bfe980
0x000000f412bfe8a0:   0000022a4b46b350 0000000066b22fb7
0x000000f412bfe8b0:   0000000080f43d80 0000000000000000
0x000000f412bfe8c0:   0000000000000010 0000022a3b62995c
0x000000f412bfe8d0:   422e82cbf4740000 0000000000000000
0x000000f412bfe8e0:   422e82cbf4780000 0000000080f548a8
0x000000f412bfe8f0:   426fffff3c888889 000000063f800000
0x000000f412bfe900:   0000000100000002 00000000584779cc
0x000000f412bfe910:   000000003c888889 0000000000000000
0x000000f412bfe920:   0000000000000000 0000000000000000 

Instructions: (pc=0x0000000066b1f4ee)
0x0000000066b1f3ee:   00 00 48 89 95 88 00 00 00 e9 6c ff ff ff 0f 1f
0x0000000066b1f3fe:   40 00 41 57 41 56 41 55 41 54 55 57 56 53 48 83
0x0000000066b1f40e:   ec 38 0f 29 74 24 20 66 0f ef f6 48 89 cd 48 8b
0x0000000066b1f41e:   59 58 48 85 db 0f 85 b1 00 00 00 e9 ef 00 00 00
0x0000000066b1f42e:   66 90 8b 17 85 d2 0f 84 c8 00 00 00 48 c1 e6 05
0x0000000066b1f43e:   49 03 76 28 49 63 c4 48 c1 e0 05 49 03 45 28 48
0x0000000066b1f44e:   63 7e 1c 48 63 70 1c 85 ff 78 05 3b 7d 14 7c 19
0x0000000066b1f45e:   48 8d 15 6b 4e 02 00 48 8d 0d 8c 4e 02 00 41 b8
0x0000000066b1f46e:   a4 00 00 00 e8 59 71 01 00 48 8b 45 08 48 8d 14
0x0000000066b1f47e:   bf 85 f6 48 8d 3c d0 78 05 3b 75 14 7c 1d 48 8d
0x0000000066b1f48e:   15 3d 4e 02 00 48 8d 0d 5e 4e 02 00 41 b8 a4 00
0x0000000066b1f49e:   00 00 e8 2b 71 01 00 48 8b 45 08 48 8d 14 b6 48
0x0000000066b1f4ae:   8d 04 d0 f3 0f 10 00 f3 0f 5c 47 08 0f 2e c6 0f
0x0000000066b1f4be:   86 a2 00 00 00 48 8b 73 18 48 89 da 48 89 e9 e8
0x0000000066b1f4ce:   0e fe ff ff 48 89 f3 48 85 db 74 43 f6 43 08 08
0x0000000066b1f4de:   4c 8b 73 60 4c 8b 6b 68 48 63 73 70 44 8b 63 74
0x0000000066b1f4ee:   49 8b 7e 10 4d 8b 7d 10 75 3b f6 47 04 02 0f 85
0x0000000066b1f4fe:   2e ff ff ff 41 f6 47 04 02 74 0b 41 8b 07 85 c0
0x0000000066b1f50e:   0f 85 26 ff ff ff 48 8b 5b 18 48 85 db 75 bd 0f
0x0000000066b1f51e:   28 74 24 20 48 83 c4 38 5b 5e 5f 5d 41 5c 41 5d
0x0000000066b1f52e:   41 5e 41 5f c3 48 89 fa 4c 89 f9 e8 32 f6 ff ff
0x0000000066b1f53e:   84 c0 74 81 48 8b 4d 68 48 85 c9 74 14 48 8b 01
0x0000000066b1f54e:   4d 89 e8 4c 89 f2 ff 50 10 84 c0 0f 84 64 ff ff
0x0000000066b1f55e:   ff 83 63 08 f7 eb 93 f3 0f 10 40 04 f3 0f 5c 47
0x0000000066b1f56e:   0c 0f 2e c6 0f 87 4b ff ff ff f3 0f 10 07 f3 0f
0x0000000066b1f57e:   5c 40 08 0f 2e c6 0f 87 39 ff ff ff f3 0f 10 47
0x0000000066b1f58e:   04 f3 0f 5c 40 0c 0f 2e c6 0f 87 26 ff ff ff 48
0x0000000066b1f59e:   8b 55 70 48 89 d9 e8 e7 db fe ff e9 66 ff ff ff
0x0000000066b1f5ae:   66 90 41 55 41 54 55 57 56 53 48 83 ec 38 48 8b
0x0000000066b1f5be:   5a 10 49 8b 70 10 48 89 cf 44 8b 62 18 45 8b 68
0x0000000066b1f5ce:   18 48 8b 53 10 48 8b 4e 10 48 39 ca 74 5e 48 8b
0x0000000066b1f5de:   81 88 00 00 00 48 85 c0 75 11 eb 66 66 0f 1f 44 


Stack slot to memory mapping:
stack at sp + 0 slots: 0x000000f412bfe8c0 is pointing into the stack for thread: 0x0000022a4b46b350
stack at sp + 1 slots: 0x0000022a3b5c2a26 is at entry_point+262 in (nmethod*)0x0000022a3b5c2790
stack at sp + 2 slots: 0x000000f412bfe8d0 is pointing into the stack for thread: 0x0000022a4b46b350
stack at sp + 3 slots: 0x0000000066b0c68c gdx-box2d64.dll
stack at sp + 4 slots: 0x000000003f800000 is an unknown value
stack at sp + 5 slots: 0x0 is NULL
stack at sp + 6 slots: 0x0000000000000001 is an unknown value
stack at sp + 7 slots: 0x0000022a54ce8c10 points into unknown readable memory: 0x0000022a54d02820 | 20 28 d0 54 2a 02 00 00


---------------  P R O C E S S  ---------------

Threads class SMR info:
_java_thread_list=0x0000022a55746a70, length=15, elements={
0x0000022a4a301620, 0x0000022a4a306100, 0x0000022a4a317710, 0x0000022a4a317e30,
0x0000022a4a31a450, 0x0000022a4a31be70, 0x0000022a4a31f430, 0x0000022a4a3297e0,
0x0000022a4a32f390, 0x0000022a4adc3710, 0x0000022a4adc8d50, 0x0000022a4b46b350,
0x0000022a2c2dc270, 0x0000022a4d2e4c40, 0x0000022a4d39b590
}

Java Threads: ( => current thread )
  0x0000022a4a301620 JavaThread "Reference Handler" daemon [_thread_blocked, id=4020, stack(0x000000f411d00000,0x000000f411e00000)]
  0x0000022a4a306100 JavaThread "Finalizer" daemon [_thread_blocked, id=6708, stack(0x000000f411e00000,0x000000f411f00000)]
  0x0000022a4a317710 JavaThread "Signal Dispatcher" daemon [_thread_blocked, id=4120, stack(0x000000f411f00000,0x000000f412000000)]
  0x0000022a4a317e30 JavaThread "Attach Listener" daemon [_thread_blocked, id=1992, stack(0x000000f412000000,0x000000f412100000)]
  0x0000022a4a31a450 JavaThread "Service Thread" daemon [_thread_blocked, id=21340, stack(0x000000f412100000,0x000000f412200000)]
  0x0000022a4a31be70 JavaThread "Monitor Deflation Thread" daemon [_thread_blocked, id=2916, stack(0x000000f412200000,0x000000f412300000)]
  0x0000022a4a31f430 JavaThread "C2 CompilerThread0" daemon [_thread_blocked, id=12580, stack(0x000000f412300000,0x000000f412400000)]
  0x0000022a4a3297e0 JavaThread "C1 CompilerThread0" daemon [_thread_blocked, id=4268, stack(0x000000f412400000,0x000000f412500000)]
  0x0000022a4a32f390 JavaThread "Sweeper thread" daemon [_thread_blocked, id=20184, stack(0x000000f412500000,0x000000f412600000)]
  0x0000022a4adc3710 JavaThread "Notification Thread" daemon [_thread_blocked, id=22284, stack(0x000000f412600000,0x000000f412700000)]
  0x0000022a4adc8d50 JavaThread "Common-Cleaner" daemon [_thread_blocked, id=336, stack(0x000000f412800000,0x000000f412900000)]
=>0x0000022a4b46b350 JavaThread "LWJGL Application" [_thread_in_native, id=3044, stack(0x000000f412b00000,0x000000f412c00000)]
  0x0000022a2c2dc270 JavaThread "DestroyJavaVM" [_thread_blocked, id=13292, stack(0x000000f411600000,0x000000f411700000)]
  0x0000022a4d2e4c40 JavaThread "AssetManager" daemon [_thread_blocked, id=3244, stack(0x000000f413200000,0x000000f413300000)]
  0x0000022a4d39b590 JavaThread "LWJGL Timer" daemon [_thread_blocked, id=15864, stack(0x000000f413300000,0x000000f413400000)]

Other Threads:
  0x0000022a4a2fd9d0 VMThread "VM Thread" [stack: 0x000000f411c00000,0x000000f411d00000] [id=22436]
  0x0000022a4adc5c80 WatcherThread [stack: 0x000000f412700000,0x000000f412800000] [id=11836]
  0x0000022a2c322c30 GCTaskThread "GC Thread#0" [stack: 0x000000f411700000,0x000000f411800000] [id=15548]
  0x0000022a4d61bce0 GCTaskThread "GC Thread#1" [stack: 0x000000f413500000,0x000000f413600000] [id=8816]
  0x0000022a4d61ad90 GCTaskThread "GC Thread#2" [stack: 0x000000f413600000,0x000000f413700000] [id=3220]
  0x0000022a4d61a150 GCTaskThread "GC Thread#3" [stack: 0x000000f413700000,0x000000f413800000] [id=14424]
  0x0000022a4d61b0a0 GCTaskThread "GC Thread#4" [stack: 0x000000f413800000,0x000000f413900000] [id=15236]
  0x0000022a4d61b3b0 GCTaskThread "GC Thread#5" [stack: 0x000000f413900000,0x000000f413a00000] [id=15592]
  0x0000022a4d61a770 GCTaskThread "GC Thread#6" [stack: 0x000000f413a00000,0x000000f413b00000] [id=19940]
  0x0000022a2c333bb0 ConcurrentGCThread "G1 Main Marker" [stack: 0x000000f411800000,0x000000f411900000] [id=20952]
  0x0000022a2c3359e0 ConcurrentGCThread "G1 Conc#0" [stack: 0x000000f411900000,0x000000f411a00000] [id=5636]
  0x0000022a2c3add50 ConcurrentGCThread "G1 Refine#0" [stack: 0x000000f411a00000,0x000000f411b00000] [id=15168]
  0x0000022a2c3ae3e0 ConcurrentGCThread "G1 Service" [stack: 0x000000f411b00000,0x000000f411c00000] [id=22092]

Threads with active compile tasks:

VM state: not at safepoint (normal execution)

VM Mutex/Monitor currently owned by a thread: None

Heap address: 0x0000000080e00000, size: 2034 MB, Compressed Oops mode: 32-bit

CDS archive(s) mapped at: [0x0000000800000000-0x0000000800bb0000-0x0000000800bb0000), size 12255232, SharedBaseAddress: 0x0000000800000000, ArchiveRelocationMode: 0.
Compressed class space mapped at: 0x0000000800c00000-0x0000000840c00000, reserved size: 1073741824
Narrow klass base: 0x0000000800000000, Narrow klass shift: 3, Narrow klass range: 0x100000000

GC Precious Log:
 CPUs: 8 total, 8 available
 Memory: 8131M
 Large Page Support: Disabled
 NUMA Support: Disabled
 Compressed Oops: Enabled (32-bit)
 Heap Region Size: 1M
 Heap Min Capacity: 8M
 Heap Initial Capacity: 128M
 Heap Max Capacity: 2034M
 Pre-touch: Disabled
 Parallel Workers: 8
 Concurrent Workers: 2
 Concurrent Refinement Workers: 8
 Periodic GC: Disabled

Heap:
 garbage-first heap   total 131072K, used 16971K [0x0000000080e00000, 0x0000000100000000)
  region size 1024K, 14 young (14336K), 1 survivors (1024K)
 Metaspace       used 6631K, committed 6784K, reserved 1064960K
  class space    used 471K, committed 576K, reserved 1048576K

Heap Regions: E=young(eden), S=young(survivor), O=old, HS=humongous(starts), HC=humongous(continues), CS=collection set, F=free, OA=open archive, CA=closed archive, TAMS=top-at-mark-start (previous, next)
|   0|0x0000000080e00000, 0x0000000080f00000, 0x0000000080f00000|100%| O|  |TAMS 0x0000000080e00000, 0x0000000080e00000| Untracked 
|   1|0x0000000080f00000, 0x0000000081000000, 0x0000000081000000|100%| O|  |TAMS 0x0000000080f00000, 0x0000000080f00000| Untracked 
|   2|0x0000000081000000, 0x0000000081027200, 0x0000000081100000| 15%| O|  |TAMS 0x0000000081000000, 0x0000000081000000| Untracked 
|   3|0x0000000081100000, 0x0000000081200000, 0x0000000081200000|100%| O|  |TAMS 0x0000000081100000, 0x0000000081100000| Untracked 
|   4|0x0000000081200000, 0x0000000081300000, 0x0000000081300000|100%| O|  |TAMS 0x0000000081200000, 0x0000000081200000| Untracked 
|   5|0x0000000081300000, 0x0000000081300000, 0x0000000081400000|  0%| F|  |TAMS 0x0000000081300000, 0x0000000081300000| Untracked 
|   6|0x0000000081400000, 0x0000000081400000, 0x0000000081500000|  0%| F|  |TAMS 0x0000000081400000, 0x0000000081400000| Untracked 
|   7|0x0000000081500000, 0x0000000081500000, 0x0000000081600000|  0%| F|  |TAMS 0x0000000081500000, 0x0000000081500000| Untracked 
|   8|0x0000000081600000, 0x0000000081600000, 0x0000000081700000|  0%| F|  |TAMS 0x0000000081600000, 0x0000000081600000| Untracked 
|   9|0x0000000081700000, 0x0000000081700000, 0x0000000081800000|  0%| F|  |TAMS 0x0000000081700000, 0x0000000081700000| Untracked 
|  10|0x0000000081800000, 0x0000000081800000, 0x0000000081900000|  0%| F|  |TAMS 0x0000000081800000, 0x0000000081800000| Untracked 
|  11|0x0000000081900000, 0x0000000081900000, 0x0000000081a00000|  0%| F|  |TAMS 0x0000000081900000, 0x0000000081900000| Untracked 
|  12|0x0000000081a00000, 0x0000000081a00000, 0x0000000081b00000|  0%| F|  |TAMS 0x0000000081a00000, 0x0000000081a00000| Untracked 
|  13|0x0000000081b00000, 0x0000000081b00000, 0x0000000081c00000|  0%| F|  |TAMS 0x0000000081b00000, 0x0000000081b00000| Untracked 
|  14|0x0000000081c00000, 0x0000000081c00000, 0x0000000081d00000|  0%| F|  |TAMS 0x0000000081c00000, 0x0000000081c00000| Untracked 
|  15|0x0000000081d00000, 0x0000000081d00000, 0x0000000081e00000|  0%| F|  |TAMS 0x0000000081d00000, 0x0000000081d00000| Untracked 
|  16|0x0000000081e00000, 0x0000000081e00000, 0x0000000081f00000|  0%| F|  |TAMS 0x0000000081e00000, 0x0000000081e00000| Untracked 
|  17|0x0000000081f00000, 0x0000000081f00000, 0x0000000082000000|  0%| F|  |TAMS 0x0000000081f00000, 0x0000000081f00000| Untracked 
|  18|0x0000000082000000, 0x0000000082000000, 0x0000000082100000|  0%| F|  |TAMS 0x0000000082000000, 0x0000000082000000| Untracked 
|  19|0x0000000082100000, 0x0000000082100000, 0x0000000082200000|  0%| F|  |TAMS 0x0000000082100000, 0x0000000082100000| Untracked 
|  20|0x0000000082200000, 0x0000000082200000, 0x0000000082300000|  0%| F|  |TAMS 0x0000000082200000, 0x0000000082200000| Untracked 
|  21|0x0000000082300000, 0x0000000082300000, 0x0000000082400000|  0%| F|  |TAMS 0x0000000082300000, 0x0000000082300000| Untracked 
|  22|0x0000000082400000, 0x0000000082400000, 0x0000000082500000|  0%| F|  |TAMS 0x0000000082400000, 0x0000000082400000| Untracked 
|  23|0x0000000082500000, 0x0000000082500000, 0x0000000082600000|  0%| F|  |TAMS 0x0000000082500000, 0x0000000082500000| Untracked 
|  24|0x0000000082600000, 0x0000000082600000, 0x0000000082700000|  0%| F|  |TAMS 0x0000000082600000, 0x0000000082600000| Untracked 
|  25|0x0000000082700000, 0x0000000082700000, 0x0000000082800000|  0%| F|  |TAMS 0x0000000082700000, 0x0000000082700000| Untracked 
|  26|0x0000000082800000, 0x0000000082800000, 0x0000000082900000|  0%| F|  |TAMS 0x0000000082800000, 0x0000000082800000| Untracked 
|  27|0x0000000082900000, 0x0000000082900000, 0x0000000082a00000|  0%| F|  |TAMS 0x0000000082900000, 0x0000000082900000| Untracked 
|  28|0x0000000082a00000, 0x0000000082a00000, 0x0000000082b00000|  0%| F|  |TAMS 0x0000000082a00000, 0x0000000082a00000| Untracked 
|  29|0x0000000082b00000, 0x0000000082b00000, 0x0000000082c00000|  0%| F|  |TAMS 0x0000000082b00000, 0x0000000082b00000| Untracked 
|  30|0x0000000082c00000, 0x0000000082c00000, 0x0000000082d00000|  0%| F|  |TAMS 0x0000000082c00000, 0x0000000082c00000| Untracked 
|  31|0x0000000082d00000, 0x0000000082d00000, 0x0000000082e00000|  0%| F|  |TAMS 0x0000000082d00000, 0x0000000082d00000| Untracked 
|  32|0x0000000082e00000, 0x0000000082e00000, 0x0000000082f00000|  0%| F|  |TAMS 0x0000000082e00000, 0x0000000082e00000| Untracked 
|  33|0x0000000082f00000, 0x0000000082f00000, 0x0000000083000000|  0%| F|  |TAMS 0x0000000082f00000, 0x0000000082f00000| Untracked 
|  34|0x0000000083000000, 0x0000000083000000, 0x0000000083100000|  0%| F|  |TAMS 0x0000000083000000, 0x0000000083000000| Untracked 
|  35|0x0000000083100000, 0x0000000083100000, 0x0000000083200000|  0%| F|  |TAMS 0x0000000083100000, 0x0000000083100000| Untracked 
|  36|0x0000000083200000, 0x0000000083200000, 0x0000000083300000|  0%| F|  |TAMS 0x0000000083200000, 0x0000000083200000| Untracked 
|  37|0x0000000083300000, 0x0000000083300000, 0x0000000083400000|  0%| F|  |TAMS 0x0000000083300000, 0x0000000083300000| Untracked 
|  38|0x0000000083400000, 0x0000000083400000, 0x0000000083500000|  0%| F|  |TAMS 0x0000000083400000, 0x0000000083400000| Untracked 
|  39|0x0000000083500000, 0x0000000083500000, 0x0000000083600000|  0%| F|  |TAMS 0x0000000083500000, 0x0000000083500000| Untracked 
|  40|0x0000000083600000, 0x0000000083600000, 0x0000000083700000|  0%| F|  |TAMS 0x0000000083600000, 0x0000000083600000| Untracked 
|  41|0x0000000083700000, 0x0000000083700000, 0x0000000083800000|  0%| F|  |TAMS 0x0000000083700000, 0x0000000083700000| Untracked 
|  42|0x0000000083800000, 0x0000000083800000, 0x0000000083900000|  0%| F|  |TAMS 0x0000000083800000, 0x0000000083800000| Untracked 
|  43|0x0000000083900000, 0x0000000083900000, 0x0000000083a00000|  0%| F|  |TAMS 0x0000000083900000, 0x0000000083900000| Untracked 
|  44|0x0000000083a00000, 0x0000000083a00000, 0x0000000083b00000|  0%| F|  |TAMS 0x0000000083a00000, 0x0000000083a00000| Untracked 
|  45|0x0000000083b00000, 0x0000000083b00000, 0x0000000083c00000|  0%| F|  |TAMS 0x0000000083b00000, 0x0000000083b00000| Untracked 
|  46|0x0000000083c00000, 0x0000000083c00000, 0x0000000083d00000|  0%| F|  |TAMS 0x0000000083c00000, 0x0000000083c00000| Untracked 
|  47|0x0000000083d00000, 0x0000000083d00000, 0x0000000083e00000|  0%| F|  |TAMS 0x0000000083d00000, 0x0000000083d00000| Untracked 
|  48|0x0000000083e00000, 0x0000000083e00000, 0x0000000083f00000|  0%| F|  |TAMS 0x0000000083e00000, 0x0000000083e00000| Untracked 
|  49|0x0000000083f00000, 0x0000000083f00000, 0x0000000084000000|  0%| F|  |TAMS 0x0000000083f00000, 0x0000000083f00000| Untracked 
|  50|0x0000000084000000, 0x0000000084000000, 0x0000000084100000|  0%| F|  |TAMS 0x0000000084000000, 0x0000000084000000| Untracked 
|  51|0x0000000084100000, 0x0000000084100000, 0x0000000084200000|  0%| F|  |TAMS 0x0000000084100000, 0x0000000084100000| Untracked 
|  52|0x0000000084200000, 0x0000000084200000, 0x0000000084300000|  0%| F|  |TAMS 0x0000000084200000, 0x0000000084200000| Untracked 
|  53|0x0000000084300000, 0x0000000084300000, 0x0000000084400000|  0%| F|  |TAMS 0x0000000084300000, 0x0000000084300000| Untracked 
|  54|0x0000000084400000, 0x0000000084400000, 0x0000000084500000|  0%| F|  |TAMS 0x0000000084400000, 0x0000000084400000| Untracked 
|  55|0x0000000084500000, 0x0000000084500000, 0x0000000084600000|  0%| F|  |TAMS 0x0000000084500000, 0x0000000084500000| Untracked 
|  56|0x0000000084600000, 0x0000000084600000, 0x0000000084700000|  0%| F|  |TAMS 0x0000000084600000, 0x0000000084600000| Untracked 
|  57|0x0000000084700000, 0x0000000084700000, 0x0000000084800000|  0%| F|  |TAMS 0x0000000084700000, 0x0000000084700000| Untracked 
|  58|0x0000000084800000, 0x0000000084800000, 0x0000000084900000|  0%| F|  |TAMS 0x0000000084800000, 0x0000000084800000| Untracked 
|  59|0x0000000084900000, 0x0000000084900000, 0x0000000084a00000|  0%| F|  |TAMS 0x0000000084900000, 0x0000000084900000| Untracked 
|  60|0x0000000084a00000, 0x0000000084a00000, 0x0000000084b00000|  0%| F|  |TAMS 0x0000000084a00000, 0x0000000084a00000| Untracked 
|  61|0x0000000084b00000, 0x0000000084b00000, 0x0000000084c00000|  0%| F|  |TAMS 0x0000000084b00000, 0x0000000084b00000| Untracked 
|  62|0x0000000084c00000, 0x0000000084c00000, 0x0000000084d00000|  0%| F|  |TAMS 0x0000000084c00000, 0x0000000084c00000| Untracked 
|  63|0x0000000084d00000, 0x0000000084d00000, 0x0000000084e00000|  0%| F|  |TAMS 0x0000000084d00000, 0x0000000084d00000| Untracked 
|  64|0x0000000084e00000, 0x0000000084e00000, 0x0000000084f00000|  0%| F|  |TAMS 0x0000000084e00000, 0x0000000084e00000| Untracked 
|  65|0x0000000084f00000, 0x0000000084f00000, 0x0000000085000000|  0%| F|  |TAMS 0x0000000084f00000, 0x0000000084f00000| Untracked 
|  66|0x0000000085000000, 0x0000000085000000, 0x0000000085100000|  0%| F|  |TAMS 0x0000000085000000, 0x0000000085000000| Untracked 
|  67|0x0000000085100000, 0x0000000085100000, 0x0000000085200000|  0%| F|  |TAMS 0x0000000085100000, 0x0000000085100000| Untracked 
|  68|0x0000000085200000, 0x0000000085200000, 0x0000000085300000|  0%| F|  |TAMS 0x0000000085200000, 0x0000000085200000| Untracked 
|  69|0x0000000085300000, 0x0000000085300000, 0x0000000085400000|  0%| F|  |TAMS 0x0000000085300000, 0x0000000085300000| Untracked 
|  70|0x0000000085400000, 0x0000000085400000, 0x0000000085500000|  0%| F|  |TAMS 0x0000000085400000, 0x0000000085400000| Untracked 
|  71|0x0000000085500000, 0x0000000085500000, 0x0000000085600000|  0%| F|  |TAMS 0x0000000085500000, 0x0000000085500000| Untracked 
|  72|0x0000000085600000, 0x0000000085600000, 0x0000000085700000|  0%| F|  |TAMS 0x0000000085600000, 0x0000000085600000| Untracked 
|  73|0x0000000085700000, 0x0000000085700000, 0x0000000085800000|  0%| F|  |TAMS 0x0000000085700000, 0x0000000085700000| Untracked 
|  74|0x0000000085800000, 0x0000000085800000, 0x0000000085900000|  0%| F|  |TAMS 0x0000000085800000, 0x0000000085800000| Untracked 
|  75|0x0000000085900000, 0x0000000085900000, 0x0000000085a00000|  0%| F|  |TAMS 0x0000000085900000, 0x0000000085900000| Untracked 
|  76|0x0000000085a00000, 0x0000000085a00000, 0x0000000085b00000|  0%| F|  |TAMS 0x0000000085a00000, 0x0000000085a00000| Untracked 
|  77|0x0000000085b00000, 0x0000000085b00000, 0x0000000085c00000|  0%| F|  |TAMS 0x0000000085b00000, 0x0000000085b00000| Untracked 
|  78|0x0000000085c00000, 0x0000000085c00000, 0x0000000085d00000|  0%| F|  |TAMS 0x0000000085c00000, 0x0000000085c00000| Untracked 
|  79|0x0000000085d00000, 0x0000000085d00000, 0x0000000085e00000|  0%| F|  |TAMS 0x0000000085d00000, 0x0000000085d00000| Untracked 
|  80|0x0000000085e00000, 0x0000000085e00000, 0x0000000085f00000|  0%| F|  |TAMS 0x0000000085e00000, 0x0000000085e00000| Untracked 
|  81|0x0000000085f00000, 0x0000000085f00000, 0x0000000086000000|  0%| F|  |TAMS 0x0000000085f00000, 0x0000000085f00000| Untracked 
|  82|0x0000000086000000, 0x0000000086000000, 0x0000000086100000|  0%| F|  |TAMS 0x0000000086000000, 0x0000000086000000| Untracked 
|  83|0x0000000086100000, 0x0000000086100000, 0x0000000086200000|  0%| F|  |TAMS 0x0000000086100000, 0x0000000086100000| Untracked 
|  84|0x0000000086200000, 0x0000000086200000, 0x0000000086300000|  0%| F|  |TAMS 0x0000000086200000, 0x0000000086200000| Untracked 
|  85|0x0000000086300000, 0x0000000086300000, 0x0000000086400000|  0%| F|  |TAMS 0x0000000086300000, 0x0000000086300000| Untracked 
|  86|0x0000000086400000, 0x0000000086400000, 0x0000000086500000|  0%| F|  |TAMS 0x0000000086400000, 0x0000000086400000| Untracked 
|  87|0x0000000086500000, 0x0000000086500000, 0x0000000086600000|  0%| F|  |TAMS 0x0000000086500000, 0x0000000086500000| Untracked 
|  88|0x0000000086600000, 0x0000000086600000, 0x0000000086700000|  0%| F|  |TAMS 0x0000000086600000, 0x0000000086600000| Untracked 
|  89|0x0000000086700000, 0x0000000086700000, 0x0000000086800000|  0%| F|  |TAMS 0x0000000086700000, 0x0000000086700000| Untracked 
|  90|0x0000000086800000, 0x0000000086800000, 0x0000000086900000|  0%| F|  |TAMS 0x0000000086800000, 0x0000000086800000| Untracked 
|  91|0x0000000086900000, 0x0000000086900000, 0x0000000086a00000|  0%| F|  |TAMS 0x0000000086900000, 0x0000000086900000| Untracked 
|  92|0x0000000086a00000, 0x0000000086a00000, 0x0000000086b00000|  0%| F|  |TAMS 0x0000000086a00000, 0x0000000086a00000| Untracked 
|  93|0x0000000086b00000, 0x0000000086b00000, 0x0000000086c00000|  0%| F|  |TAMS 0x0000000086b00000, 0x0000000086b00000| Untracked 
|  94|0x0000000086c00000, 0x0000000086c00000, 0x0000000086d00000|  0%| F|  |TAMS 0x0000000086c00000, 0x0000000086c00000| Untracked 
|  95|0x0000000086d00000, 0x0000000086d6bc38, 0x0000000086e00000| 42%| S|CS|TAMS 0x0000000086d00000, 0x0000000086d00000| Complete 
|  96|0x0000000086e00000, 0x0000000086e00000, 0x0000000086f00000|  0%| F|  |TAMS 0x0000000086e00000, 0x0000000086e00000| Untracked 
|  97|0x0000000086f00000, 0x0000000086f00000, 0x0000000087000000|  0%| F|  |TAMS 0x0000000086f00000, 0x0000000086f00000| Untracked 
|  98|0x0000000087000000, 0x0000000087000000, 0x0000000087100000|  0%| F|  |TAMS 0x0000000087000000, 0x0000000087000000| Untracked 
|  99|0x0000000087100000, 0x0000000087100000, 0x0000000087200000|  0%| F|  |TAMS 0x0000000087100000, 0x0000000087100000| Untracked 
| 100|0x0000000087200000, 0x0000000087200000, 0x0000000087300000|  0%| F|  |TAMS 0x0000000087200000, 0x0000000087200000| Untracked 
| 101|0x0000000087300000, 0x0000000087300000, 0x0000000087400000|  0%| F|  |TAMS 0x0000000087300000, 0x0000000087300000| Untracked 
| 102|0x0000000087400000, 0x0000000087400000, 0x0000000087500000|  0%| F|  |TAMS 0x0000000087400000, 0x0000000087400000| Untracked 
| 103|0x0000000087500000, 0x0000000087500000, 0x0000000087600000|  0%| F|  |TAMS 0x0000000087500000, 0x0000000087500000| Untracked 
| 104|0x0000000087600000, 0x0000000087600000, 0x0000000087700000|  0%| F|  |TAMS 0x0000000087600000, 0x0000000087600000| Untracked 
| 105|0x0000000087700000, 0x0000000087700000, 0x0000000087800000|  0%| F|  |TAMS 0x0000000087700000, 0x0000000087700000| Untracked 
| 106|0x0000000087800000, 0x0000000087800000, 0x0000000087900000|  0%| F|  |TAMS 0x0000000087800000, 0x0000000087800000| Untracked 
| 107|0x0000000087900000, 0x0000000087900000, 0x0000000087a00000|  0%| F|  |TAMS 0x0000000087900000, 0x0000000087900000| Untracked 
| 108|0x0000000087a00000, 0x0000000087a00000, 0x0000000087b00000|  0%| F|  |TAMS 0x0000000087a00000, 0x0000000087a00000| Untracked 
| 109|0x0000000087b00000, 0x0000000087b00000, 0x0000000087c00000|  0%| F|  |TAMS 0x0000000087b00000, 0x0000000087b00000| Untracked 
| 110|0x0000000087c00000, 0x0000000087c00000, 0x0000000087d00000|  0%| F|  |TAMS 0x0000000087c00000, 0x0000000087c00000| Untracked 
| 111|0x0000000087d00000, 0x0000000087d00000, 0x0000000087e00000|  0%| F|  |TAMS 0x0000000087d00000, 0x0000000087d00000| Untracked 
| 112|0x0000000087e00000, 0x0000000087e00000, 0x0000000087f00000|  0%| F|  |TAMS 0x0000000087e00000, 0x0000000087e00000| Untracked 
| 113|0x0000000087f00000, 0x0000000087f00000, 0x0000000088000000|  0%| F|  |TAMS 0x0000000087f00000, 0x0000000087f00000| Untracked 
| 114|0x0000000088000000, 0x0000000088000000, 0x0000000088100000|  0%| F|  |TAMS 0x0000000088000000, 0x0000000088000000| Untracked 
| 115|0x0000000088100000, 0x0000000088200000, 0x0000000088200000|100%| E|  |TAMS 0x0000000088100000, 0x0000000088100000| Complete 
| 116|0x0000000088200000, 0x0000000088300000, 0x0000000088300000|100%| E|CS|TAMS 0x0000000088200000, 0x0000000088200000| Complete 
| 117|0x0000000088300000, 0x0000000088400000, 0x0000000088400000|100%| E|CS|TAMS 0x0000000088300000, 0x0000000088300000| Complete 
| 118|0x0000000088400000, 0x0000000088500000, 0x0000000088500000|100%| E|CS|TAMS 0x0000000088400000, 0x0000000088400000| Complete 
| 119|0x0000000088500000, 0x0000000088600000, 0x0000000088600000|100%| E|CS|TAMS 0x0000000088500000, 0x0000000088500000| Complete 
| 120|0x0000000088600000, 0x0000000088700000, 0x0000000088700000|100%| E|CS|TAMS 0x0000000088600000, 0x0000000088600000| Complete 
| 121|0x0000000088700000, 0x0000000088800000, 0x0000000088800000|100%| E|CS|TAMS 0x0000000088700000, 0x0000000088700000| Complete 
| 122|0x0000000088800000, 0x0000000088900000, 0x0000000088900000|100%| E|CS|TAMS 0x0000000088800000, 0x0000000088800000| Complete 
| 123|0x0000000088900000, 0x0000000088a00000, 0x0000000088a00000|100%| E|CS|TAMS 0x0000000088900000, 0x0000000088900000| Complete 
| 124|0x0000000088a00000, 0x0000000088b00000, 0x0000000088b00000|100%| E|CS|TAMS 0x0000000088a00000, 0x0000000088a00000| Complete 
| 125|0x0000000088b00000, 0x0000000088c00000, 0x0000000088c00000|100%| E|CS|TAMS 0x0000000088b00000, 0x0000000088b00000| Complete 
| 126|0x0000000088c00000, 0x0000000088d00000, 0x0000000088d00000|100%| E|CS|TAMS 0x0000000088c00000, 0x0000000088c00000| Complete 
| 127|0x0000000088d00000, 0x0000000088e00000, 0x0000000088e00000|100%| E|CS|TAMS 0x0000000088d00000, 0x0000000088d00000| Complete 

Card table byte_map: [0x0000022a43180000,0x0000022a43580000] _byte_map_base: 0x0000022a42d79000

Marking Bits (Prev, Next): (CMBitMap*) 0x0000022a2c323320, (CMBitMap*) 0x0000022a2c323360
 Prev Bits: [0x0000022a43980000, 0x0000022a45948000)
 Next Bits: [0x0000022a45950000, 0x0000022a47918000)

Polling page: 0x0000022a2bab0000

Metaspace:

Usage:
  Non-class:      6.02 MB used.
      Class:    471.27 KB used.
       Both:      6.48 MB used.

Virtual space:
  Non-class space:       16.00 MB reserved,       6.06 MB ( 38%) committed,  2 nodes.
      Class space:        1.00 GB reserved,     576.00 KB ( <1%) committed,  1 nodes.
              Both:        1.02 GB reserved,       6.62 MB ( <1%) committed. 

Chunk freelists:
   Non-Class:  3.83 MB
       Class:  3.41 MB
        Both:  7.23 MB

MaxMetaspaceSize: 17179869184.00 GB
CompressedClassSpaceSize: 1.00 GB
 - commit_granule_bytes: 65536.
 - commit_granule_words: 8192.
 - virtual_space_node_default_size: 1048576.
 - enlarge_chunks_in_place: 1.
 - new_chunks_are_fully_committed: 0.
 - uncommit_free_chunks: 1.
 - use_allocation_guard: 0.
 - handle_deallocations: 1.


Internal statistics:

num_allocs_failed_limit: 0.
num_arena_births: 14.
num_arena_deaths: 0.
num_vsnodes_births: 3.
num_vsnodes_deaths: 0.
num_space_committed: 104.
num_space_uncommitted: 0.
num_chunks_returned_to_freelist: 0.
num_chunks_taken_from_freelist: 169.
num_chunk_merges: 0.
num_chunk_splits: 144.
num_chunks_enlarged: 134.
num_purges: 0.

CodeHeap 'non-profiled nmethods': size=120000Kb used=1076Kb max_used=1076Kb free=118924Kb
 bounds [0x0000022a3b520000, 0x0000022a3b790000, 0x0000022a42a50000]
CodeHeap 'profiled nmethods': size=120000Kb used=3463Kb max_used=3463Kb free=116536Kb
 bounds [0x0000022a33ff0000, 0x0000022a34360000, 0x0000022a3b520000]
CodeHeap 'non-nmethods': size=5760Kb used=1299Kb max_used=1330Kb free=4461Kb
 bounds [0x0000022a33a50000, 0x0000022a33cc0000, 0x0000022a33ff0000]
 total_blobs=2452 nmethods=1826 adapters=539
 compilation: enabled
              stopped_count=0, restarted_count=0
 full_count=0

Compilation events (20 events):
Event: 13.204 Thread 0x0000022a4a31f430 1818       4       java.util.regex.Pattern$BmpCharProperty::match (55 bytes)
Event: 13.206 Thread 0x0000022a4a31f430 nmethod 1818 0x0000022a3b629010 code [0x0000022a3b6291c0, 0x0000022a3b6293c8]
Event: 13.212 Thread 0x0000022a4a31f430 1819       4       com.badlogic.gdx.graphics.glutils.ShaderProgram::setUniformMatrix (25 bytes)
Event: 13.217 Thread 0x0000022a4a31f430 nmethod 1819 0x0000022a3b629610 code [0x0000022a3b6297e0, 0x0000022a3b629b78]
Event: 13.217 Thread 0x0000022a4a31f430 1820       4       com.badlogic.gdx.backends.lwjgl.LwjglGL20::ensureBufferCapacity (49 bytes)
Event: 13.218 Thread 0x0000022a4a31f430 nmethod 1820 0x0000022a3b62a110 code [0x0000022a3b62a2a0, 0x0000022a3b62a358]
Event: 13.512 Thread 0x0000022a4a31f430 1821       4       java.util.Formatter$Flags::contains (22 bytes)
Event: 13.513 Thread 0x0000022a4a31f430 nmethod 1821 0x0000022a3b62a410 code [0x0000022a3b62a5a0, 0x0000022a3b62a638]
Event: 13.529 Thread 0x0000022a4a3297e0 1822       1       java.lang.Float::floatValue (5 bytes)
Event: 13.529 Thread 0x0000022a4a3297e0 nmethod 1822 0x0000022a3b62a710 code [0x0000022a3b62a8a0, 0x0000022a3b62a978]
Event: 13.629 Thread 0x0000022a4a31f430 1823       4       java.nio.ByteBuffer::<init> (47 bytes)
Event: 13.632 Thread 0x0000022a4a31f430 nmethod 1823 0x0000022a3b62aa10 code [0x0000022a3b62aba0, 0x0000022a3b62ae78]
Event: 13.777 Thread 0x0000022a4a31f430 1824       4       jdk.internal.misc.Unsafe::checkNativeAddress (28 bytes)
Event: 13.778 Thread 0x0000022a4a31f430 nmethod 1824 0x0000022a3b62b010 code [0x0000022a3b62b180, 0x0000022a3b62b1f8]
Event: 13.945 Thread 0x0000022a4a31f430 1825       4       java.nio.MappedByteBuffer::<init> (22 bytes)
Event: 13.948 Thread 0x0000022a4a31f430 nmethod 1825 0x0000022a3b62b310 code [0x0000022a3b62b4a0, 0x0000022a3b62b838]
Event: 13.948 Thread 0x0000022a4a31f430 1826       4       java.nio.ByteBuffer::<init> (14 bytes)
Event: 13.950 Thread 0x0000022a4a31f430 nmethod 1826 0x0000022a3b62bb90 code [0x0000022a3b62bd20, 0x0000022a3b62bf58]
Event: 14.012 Thread 0x0000022a4a31f430 1827       4       java.io.File::<init> (47 bytes)
Event: 14.020 Thread 0x0000022a4a31f430 nmethod 1827 0x0000022a3b62c090 code [0x0000022a3b62c280, 0x0000022a3b62c9b0]

GC Heap History (4 events):
Event: 4.159 GC heap before
{Heap before GC invocations=0 (full 0):
 garbage-first heap   total 131072K, used 25600K [0x0000000080e00000, 0x0000000100000000)
  region size 1024K, 23 young (23552K), 0 survivors (0K)
 Metaspace       used 6156K, committed 6336K, reserved 1056768K
  class space    used 468K, committed 576K, reserved 1048576K
}
Event: 4.166 GC heap after
{Heap after GC invocations=1 (full 0):
 garbage-first heap   total 131072K, used 4254K [0x0000000080e00000, 0x0000000100000000)
  region size 1024K, 3 young (3072K), 3 survivors (3072K)
 Metaspace       used 6156K, committed 6336K, reserved 1056768K
  class space    used 468K, committed 576K, reserved 1048576K
}
Event: 11.063 GC heap before
{Heap before GC invocations=1 (full 0):
 garbage-first heap   total 131072K, used 33950K [0x0000000080e00000, 0x0000000100000000)
  region size 1024K, 32 young (32768K), 3 survivors (3072K)
 Metaspace       used 6549K, committed 6720K, reserved 1064960K
  class space    used 469K, committed 576K, reserved 1048576K
}
Event: 11.067 GC heap after
{Heap after GC invocations=2 (full 0):
 garbage-first heap   total 131072K, used 4683K [0x0000000080e00000, 0x0000000100000000)
  region size 1024K, 1 young (1024K), 1 survivors (1024K)
 Metaspace       used 6549K, committed 6720K, reserved 1064960K
  class space    used 469K, committed 576K, reserved 1048576K
}

Deoptimization events (20 events):
Event: 4.980 Thread 0x0000022a4b46b350 DEOPT PACKING pc=0x0000022a3412a0d3 sp=0x000000f412bfe8f0
Event: 4.980 Thread 0x0000022a4b46b350 DEOPT UNPACKING pc=0x0000022a33a9dece sp=0x000000f412bfdd98 mode 0
Event: 5.244 Thread 0x0000022a4b46b350 DEOPT PACKING pc=0x0000022a341661fb sp=0x000000f412bfe200
Event: 5.244 Thread 0x0000022a4b46b350 DEOPT UNPACKING pc=0x0000022a33a9dece sp=0x000000f412bfd720 mode 0
Event: 14.079 Thread 0x0000022a4b46b350 Uncommon trap: trap_request=0xffffff45 fr.pc=0x0000022a3b5a7b9c relative=0x00000000000004fc
Event: 14.079 Thread 0x0000022a4b46b350 Uncommon trap: reason=unstable_if action=reinterpret pc=0x0000022a3b5a7b9c method=com.badlogic.gdx.utils.ObjectIntMap.locateKey(Ljava/lang/Object;)I @ 32 c2
Event: 14.079 Thread 0x0000022a4b46b350 DEOPT PACKING pc=0x0000022a3b5a7b9c sp=0x000000f412bfdbd0
Event: 14.079 Thread 0x0000022a4b46b350 DEOPT UNPACKING pc=0x0000022a33a9d72e sp=0x000000f412bfdb78 mode 2
Event: 14.079 Thread 0x0000022a4b46b350 Uncommon trap: trap_request=0xfffffff4 fr.pc=0x0000022a3b6124ac relative=0x000000000000076c
Event: 14.079 Thread 0x0000022a4b46b350 Uncommon trap: reason=null_check action=make_not_entrant pc=0x0000022a3b6124ac method=jdk.internal.loader.BuiltinClassLoader.findMiscResource(Ljava/lang/String;)Ljava/util/List; @ 61 c2
Event: 14.079 Thread 0x0000022a4b46b350 DEOPT PACKING pc=0x0000022a3b6124ac sp=0x000000f412bfd820
Event: 14.079 Thread 0x0000022a4b46b350 DEOPT UNPACKING pc=0x0000022a33a9d72e sp=0x000000f412bfd7b8 mode 2
Event: 14.079 Thread 0x0000022a4b46b350 Uncommon trap: trap_request=0xfffffff4 fr.pc=0x0000022a3b618cec relative=0x000000000000042c
Event: 14.079 Thread 0x0000022a4b46b350 Uncommon trap: reason=null_check action=make_not_entrant pc=0x0000022a3b618cec method=jdk.internal.loader.BuiltinClassLoader.findMiscResource(Ljava/lang/String;)Ljava/util/List; @ 61 c2
Event: 14.079 Thread 0x0000022a4b46b350 DEOPT PACKING pc=0x0000022a3b618cec sp=0x000000f412bfd7d0
Event: 14.079 Thread 0x0000022a4b46b350 DEOPT UNPACKING pc=0x0000022a33a9d72e sp=0x000000f412bfd7a0 mode 2
Event: 14.093 Thread 0x0000022a4b46b350 Uncommon trap: trap_request=0xffffffd6 fr.pc=0x0000022a3b5ccdfc relative=0x00000000000001bc
Event: 14.093 Thread 0x0000022a4b46b350 Uncommon trap: reason=array_check action=maybe_recompile pc=0x0000022a3b5ccdfc method=com.badlogic.gdx.utils.Array.add(Ljava/lang/Object;)V @ 46 c2
Event: 14.093 Thread 0x0000022a4b46b350 DEOPT PACKING pc=0x0000022a3b5ccdfc sp=0x000000f412bfde40
Event: 14.093 Thread 0x0000022a4b46b350 DEOPT UNPACKING pc=0x0000022a33a9d72e sp=0x000000f412bfdde8 mode 2

Classes unloaded (0 events):
No events

Classes redefined (0 events):
No events

Internal exceptions (8 events):
Event: 0.243 Thread 0x0000022a2c2dc270 Exception <a 'java/lang/NoSuchMethodError'{0x0000000088ab6558}: 'java.lang.Object java.lang.invoke.DirectMethodHandle$Holder.invokeInterface(java.lang.Object, java.lang.Object)'> (0x0000000088ab6558) 
thrown [t:\workspace\open\src\hotspot\share\interpreter\linkResolver.cpp, line 790]
Event: 0.244 Thread 0x0000022a2c2dc270 Exception <a 'java/lang/IncompatibleClassChangeError'{0x0000000088aba2d8}: Found class java.lang.Object, but interface was expected> (0x0000000088aba2d8) 
thrown [t:\workspace\open\src\hotspot\share\interpreter\linkResolver.cpp, line 857]
Event: 0.811 Thread 0x0000022a4b46b350 Exception <a 'org/lwjgl/LWJGLException'{0x000000008887d5f8}: Failed to set device gamma.> (0x000000008887d5f8) 
thrown [t:\workspace\open\src\hotspot\share\prims\jni.cpp, line 600]
Event: 3.201 Thread 0x0000022a4b46b350 Exception <a 'java/lang/NoSuchMethodError'{0x000000008828bef8}: 'java.lang.Object java.lang.invoke.DirectMethodHandle$Holder.invokeStatic(java.lang.Object)'> (0x000000008828bef8) 
thrown [t:\workspace\open\src\hotspot\share\interpreter\linkResolver.cpp, line 790]
Event: 3.201 Thread 0x0000022a4b46b350 Exception <a 'java/lang/NoSuchMethodError'{0x000000008828f950}: 'java.lang.Object java.lang.invoke.DirectMethodHandle$Holder.invokeStaticInit(java.lang.Object)'> (0x000000008828f950) 
thrown [t:\workspace\open\src\hotspot\share\interpreter\linkResolver.cpp, line 790]
Event: 14.079 Thread 0x0000022a4b46b350 Implicit null exception at 0x0000022a3b5a78f7 to 0x0000022a3b5a7b78
Event: 14.079 Thread 0x0000022a4b46b350 Implicit null exception at 0x0000022a3b612316 to 0x0000022a3b61248d
Event: 14.079 Thread 0x0000022a4b46b350 Implicit null exception at 0x0000022a3b618b34 to 0x0000022a3b618cd0

Events (20 events):
Event: 7.167 Executing  VM operation: Cleanup
Event: 7.167 Executing  VM operation: Cleanup done
Event: 8.167 Executing  VM operation: Cleanup
Event: 8.168 Executing  VM operation: Cleanup done
Event: 9.168 Executing  VM operation: Cleanup
Event: 9.168 Executing  VM operation: Cleanup done
Event: 10.168 Executing  VM operation: Cleanup
Event: 10.168 Executing  VM operation: Cleanup done
Event: 11.063 Executing  VM operation: G1CollectForAllocation
Event: 11.067 Executing  VM operation: G1CollectForAllocation done
Event: 12.067 Executing  VM operation: Cleanup
Event: 12.067 Executing  VM operation: Cleanup done
Event: 12.315 Thread 0x0000022a4d7491b0 Thread added: 0x0000022a4d7491b0
Event: 12.315 Thread 0x0000022a55c5d0e0 Thread added: 0x0000022a55c5d0e0
Event: 12.511 Thread 0x0000022a55c5d0e0 Thread exited: 0x0000022a55c5d0e0
Event: 12.511 Thread 0x0000022a4d7491b0 Thread exited: 0x0000022a4d7491b0
Event: 13.068 Executing  VM operation: Cleanup
Event: 13.068 Executing  VM operation: Cleanup done
Event: 14.068 Executing  VM operation: Cleanup
Event: 14.068 Executing  VM operation: Cleanup done


Dynamic libraries:
0x00007ff6018c0000 - 0x00007ff6018d0000 	C:\Program Files\Java\jdk-16.0.2\bin\java.exe
0x00007ffec3b50000 - 0x00007ffec3d45000 	C:\WINDOWS\SYSTEM32\ntdll.dll
0x00007ffe90830000 - 0x00007ffe90846000 	C:\Program Files\Avast Software\Avast\aswhook.dll
0x00007ffec1ff0000 - 0x00007ffec20ae000 	C:\WINDOWS\System32\KERNEL32.DLL
0x00007ffec17c0000 - 0x00007ffec1a88000 	C:\WINDOWS\System32\KERNELBASE.dll
0x00007ffec1a90000 - 0x00007ffec1b90000 	C:\WINDOWS\System32\ucrtbase.dll
0x00007ffea4c10000 - 0x00007ffea4c29000 	C:\Program Files\Java\jdk-16.0.2\bin\VCRUNTIME140.dll
0x00007ffeaec80000 - 0x00007ffeaec98000 	C:\Program Files\Java\jdk-16.0.2\bin\jli.dll
0x00007ffec2d00000 - 0x00007ffec2dac000 	C:\WINDOWS\System32\ADVAPI32.dll
0x00007ffec39d0000 - 0x00007ffec3a6e000 	C:\WINDOWS\System32\msvcrt.dll
0x00007ffec30d0000 - 0x00007ffec316b000 	C:\WINDOWS\System32\sechost.dll
0x00007ffec20b0000 - 0x00007ffec21da000 	C:\WINDOWS\System32\RPCRT4.dll
0x00007ffec1b90000 - 0x00007ffec1d31000 	C:\WINDOWS\System32\USER32.dll
0x00007ffec14b0000 - 0x00007ffec14d2000 	C:\WINDOWS\System32\win32u.dll
0x00007ffeb6f90000 - 0x00007ffeb722a000 	C:\WINDOWS\WinSxS\amd64_microsoft.windows.common-controls_6595b64144ccf1df_6.0.19041.1110_none_60b5254171f9507e\COMCTL32.dll
0x00007ffec30a0000 - 0x00007ffec30cb000 	C:\WINDOWS\System32\GDI32.dll
0x00007ffec13a0000 - 0x00007ffec14ad000 	C:\WINDOWS\System32\gdi32full.dll
0x00007ffec16d0000 - 0x00007ffec176d000 	C:\WINDOWS\System32\msvcp_win.dll
0x00007ffeb9870000 - 0x00007ffeb987a000 	C:\WINDOWS\SYSTEM32\VERSION.dll
0x00007ffec2790000 - 0x00007ffec27c0000 	C:\WINDOWS\System32\IMM32.DLL
0x00007ffeba500000 - 0x00007ffeba50c000 	C:\Program Files\Java\jdk-16.0.2\bin\vcruntime140_1.dll
0x00007ffe985a0000 - 0x00007ffe98631000 	C:\Program Files\Java\jdk-16.0.2\bin\msvcp140.dll
0x00007ffe4c460000 - 0x00007ffe4d00b000 	C:\Program Files\Java\jdk-16.0.2\bin\server\jvm.dll
0x00007ffec3b00000 - 0x00007ffec3b08000 	C:\WINDOWS\System32\PSAPI.DLL
0x00007ffeb7230000 - 0x00007ffeb7257000 	C:\WINDOWS\SYSTEM32\WINMM.dll
0x00007ffeaff30000 - 0x00007ffeaff39000 	C:\WINDOWS\SYSTEM32\WSOCK32.dll
0x00007ffec2240000 - 0x00007ffec22ab000 	C:\WINDOWS\System32\WS2_32.dll
0x00007ffebf130000 - 0x00007ffebf142000 	C:\WINDOWS\SYSTEM32\kernel.appcore.dll
0x00007ffeb9f10000 - 0x00007ffeb9f1a000 	C:\Program Files\Java\jdk-16.0.2\bin\jimage.dll
0x00007ffebaf90000 - 0x00007ffebb174000 	C:\WINDOWS\SYSTEM32\DBGHELP.DLL
0x00007ffeb6a10000 - 0x00007ffeb6a3c000 	C:\WINDOWS\SYSTEM32\dbgcore.DLL
0x00007ffec14e0000 - 0x00007ffec1562000 	C:\WINDOWS\System32\bcryptPrimitives.dll
0x00007ffea3180000 - 0x00007ffea31a5000 	C:\Program Files\Java\jdk-16.0.2\bin\java.dll
0x00007ffec3220000 - 0x00007ffec3964000 	C:\WINDOWS\System32\SHELL32.dll
0x00007ffebf330000 - 0x00007ffebfac4000 	C:\WINDOWS\SYSTEM32\windows.storage.dll
0x00007ffec23d0000 - 0x00007ffec2725000 	C:\WINDOWS\System32\combase.dll
0x00007ffec0cb0000 - 0x00007ffec0cde000 	C:\WINDOWS\SYSTEM32\Wldp.dll
0x00007ffec27c0000 - 0x00007ffec286d000 	C:\WINDOWS\System32\SHCORE.dll
0x00007ffec1eb0000 - 0x00007ffec1f05000 	C:\WINDOWS\System32\shlwapi.dll
0x00007ffec11a0000 - 0x00007ffec11bf000 	C:\WINDOWS\SYSTEM32\profapi.dll
0x00007ffea3160000 - 0x00007ffea3179000 	C:\Program Files\Java\jdk-16.0.2\bin\net.dll
0x00007ffeb6430000 - 0x00007ffeb653c000 	C:\WINDOWS\SYSTEM32\WINHTTP.dll
0x00007ffec0a10000 - 0x00007ffec0a7a000 	C:\WINDOWS\system32\mswsock.dll
0x00007ffe9f110000 - 0x00007ffe9f123000 	C:\Program Files\Java\jdk-16.0.2\bin\nio.dll
0x00007ffe9e660000 - 0x00007ffe9e678000 	C:\Program Files\Java\jdk-16.0.2\bin\zip.dll
0x000000006e700000 - 0x000000006e72a000 	C:\Users\Torches\AppData\Local\Temp\libgdxTorches\e1cd32f8\gdx64.dll
0x00007ffeb9ee0000 - 0x00007ffeb9ef0000 	C:\Program Files\Java\jdk-16.0.2\bin\verify.dll
0x0000000180000000 - 0x0000000180053000 	C:\Users\Torches\AppData\Local\Temp\libgdxTorches\1cecf4f6\lwjgl64.dll
0x00007ffe8aff0000 - 0x00007ffe8b115000 	C:\WINDOWS\SYSTEM32\OPENGL32.dll
0x00007ffe90910000 - 0x00007ffe9093c000 	C:\WINDOWS\SYSTEM32\GLU32.dll
0x0000022a4b900000 - 0x0000022a4b964000 	C:\Users\Torches\AppData\Local\Temp\libgdxTorches\1cecf4f6\OpenAL64.dll
0x00007ffec2db0000 - 0x00007ffec2eda000 	C:\WINDOWS\System32\ole32.dll
0x00007ffebeb80000 - 0x00007ffebec1e000 	C:\WINDOWS\system32\uxtheme.dll
0x00007ffec3170000 - 0x00007ffec3219000 	C:\WINDOWS\System32\clbcatq.dll
0x00007ffe8cc20000 - 0x00007ffe8ccbc000 	C:\WINDOWS\SYSTEM32\dsound.dll
0x00007ffec0820000 - 0x00007ffec086b000 	C:\WINDOWS\SYSTEM32\powrprof.dll
0x00007ffe97d60000 - 0x00007ffe97d86000 	C:\WINDOWS\SYSTEM32\winmmbase.dll
0x00007ffec0690000 - 0x00007ffec06a2000 	C:\WINDOWS\SYSTEM32\UMPDC.dll
0x00007ffeba430000 - 0x00007ffeba4b5000 	C:\WINDOWS\System32\MMDevApi.dll
0x00007ffec1000000 - 0x00007ffec1034000 	C:\WINDOWS\System32\DEVOBJ.dll
0x00007ffec1770000 - 0x00007ffec17be000 	C:\WINDOWS\System32\cfgmgr32.dll
0x00007ffeba750000 - 0x00007ffeba8d1000 	C:\WINDOWS\SYSTEM32\AUDIOSES.DLL
0x00007ffec1dc0000 - 0x00007ffec1e8d000 	C:\WINDOWS\System32\OLEAUT32.dll
0x00007ffebed30000 - 0x00007ffebed44000 	C:\WINDOWS\SYSTEM32\resourcepolicyclient.dll
0x00007ffebbdb0000 - 0x00007ffebbe5e000 	C:\WINDOWS\SYSTEM32\mscms.dll
0x00007ffec1120000 - 0x00007ffec114e000 	C:\WINDOWS\SYSTEM32\USERENV.dll
0x00007ffebbbb0000 - 0x00007ffebbbc1000 	C:\WINDOWS\SYSTEM32\ColorAdapterClient.dll
0x00007ffec22b0000 - 0x00007ffec23c5000 	C:\WINDOWS\System32\MSCTF.dll
0x00007ffeab340000 - 0x00007ffeab439000 	C:\WINDOWS\SYSTEM32\textinputframework.dll
0x00007ffebe0d0000 - 0x00007ffebe42e000 	C:\WINDOWS\System32\CoreUIComponents.dll
0x00007ffebe740000 - 0x00007ffebe832000 	C:\WINDOWS\System32\CoreMessaging.dll
0x00007ffebd590000 - 0x00007ffebd6e4000 	C:\WINDOWS\SYSTEM32\wintypes.dll
0x00007ffebff30000 - 0x00007ffebff63000 	C:\WINDOWS\SYSTEM32\ntmarta.dll
0x00007ffeb6a40000 - 0x00007ffeb6aa6000 	C:\WINDOWS\system32\Oleacc.dll
0x00007ffeba030000 - 0x00007ffeba129000 	C:\Windows\System32\AppXDeploymentClient.dll
0x0000000057dc0000 - 0x0000000059b09000 	C:\WINDOWS\SYSTEM32\nvoglv64.DLL
0x00007ffec2870000 - 0x00007ffec2ce2000 	C:\WINDOWS\System32\SETUPAPI.dll
0x00007ffec1260000 - 0x00007ffec1287000 	C:\WINDOWS\System32\bcrypt.dll
0x00007ffebc130000 - 0x00007ffebc144000 	C:\WINDOWS\SYSTEM32\WTSAPI32.dll
0x00007ffec1290000 - 0x00007ffec12f0000 	C:\WINDOWS\System32\WINTRUST.dll
0x00007ffec1570000 - 0x00007ffec16c6000 	C:\WINDOWS\System32\CRYPT32.dll
0x00007ffec0e40000 - 0x00007ffec0e52000 	C:\WINDOWS\System32\MSASN1.dll
0x00007ffebffa0000 - 0x00007ffebfffa000 	C:\WINDOWS\SYSTEM32\WINSTA.dll
0x00007ffebef50000 - 0x00007ffebef7f000 	C:\WINDOWS\system32\dwmapi.dll
0x00007ffeb4f20000 - 0x00007ffeb4f5b000 	C:\WINDOWS\SYSTEM32\dxcore.dll
0x00007ffebbbe0000 - 0x00007ffebbc23000 	C:\WINDOWS\SYSTEM32\icm32.dll
0x00007ffebfb30000 - 0x00007ffebfc24000 	C:\WINDOWS\SYSTEM32\dxgi.dll
0x00007ffebd1c0000 - 0x00007ffebd424000 	C:\WINDOWS\SYSTEM32\d3d11.dll
0x00007ffeb3d50000 - 0x00007ffeb4ecc000 	C:\WINDOWS\SYSTEM32\nvwgf2umx.dll
0x0000000066b00000 - 0x0000000066b5b000 	C:\Users\Torches\AppData\Local\Temp\libgdxTorches\a14961b7\gdx-box2d64.dll

dbghelp: loaded successfully - version: 4.0.5 - missing functions: none
symbol engine: initialized successfully - sym options: 0x614 - pdb path: .;C:\Program Files\Java\jdk-16.0.2\bin;C:\WINDOWS\SYSTEM32;C:\Program Files\Avast Software\Avast;C:\WINDOWS\WinSxS\amd64_microsoft.windows.common-controls_6595b64144ccf1df_6.0.19041.1110_none_60b5254171f9507e;C:\Program Files\Java\jdk-16.0.2\bin\server;C:\Users\Torches\AppData\Local\Temp\libgdxTorches\e1cd32f8;C:\Users\Torches\AppData\Local\Temp\libgdxTorches\1cecf4f6;C:\Users\Torches\AppData\Local\Temp\libgdxTorches\a14961b7

VM Arguments:
jvm_args: -Dfile.encoding=windows-1252 -Duser.country=US -Duser.language=en -Duser.variant 
java_command: com.badlogic.soulknight.desktop.DesktopLauncher
java_class_path (initial): D:\Temp\Soul-Knight-Clone\SoulKnight\desktop\build\classes\java\main;D:\Temp\Soul-Knight-Clone\SoulKnight\desktop\build\resources\main;C:\Users\Torches\.gradle\caches\modules-2\files-2.1\com.badlogicgames.gdx\gdx-tools\1.10.0\d699cf4953fb42a071c7c3feb9b5c45601aa6a4b\gdx-tools-1.10.0.jar;C:\Users\Torches\.gradle\caches\modules-2\files-2.1\com.badlogicgames.gdx\gdx-backend-lwjgl\1.10.0\58ff89d9e4fd8a82591367f187d606e781cacc05\gdx-backend-lwjgl-1.10.0.jar;C:\Users\Torches\.gradle\caches\modules-2\files-2.1\com.badlogicgames.gdx\gdx-platform\1.10.0\9a8fa793d2fd6d360afc6c9e4c1f5583da263b88\gdx-platform-1.10.0-natives-desktop.jar;C:\Users\Torches\.gradle\caches\modules-2\files-2.1\com.badlogicgames.gdx\gdx-box2d-platform\1.10.0\588c4191c5a64ed39365e71484aa37d81c38eb5e\gdx-box2d-platform-1.10.0-natives-desktop.jar;C:\Users\Torches\.gradle\caches\modules-2\files-2.1\com.badlogicgames.gdx-controllers\gdx-controllers-desktop\2.1.0\6a40821fd5233d56ef82a78db790784e0d34a340\gdx-controllers-desktop-2.1.0.jar;C:\Users\Torches\.gradle\caches\modules-2\files-2.1\com.badlogicgames.gdx\gdx-freetype-platform\1.10.0\6e5d28752759e69384f12e4569d2c884ff71352f\gdx-freetype-platform-1.10.0-natives-desktop.jar;C:\Users\Torches\.gradle\caches\modules-2\files-2.1\com.badlogicgames.gdx\gdx-bullet-platform\1.10.0\ce92e8dfc762523d769cbc50853163c03bf98cf1\gdx-bullet-platform-1.10.0-natives-desktop.jar;D:\Temp\Soul-Knight-Clone\SoulKnight\core\build\libs\core-1.0.jar;C:\Users\Torches\.gradle\caches\modules-2\files-2.1\com.badlogicgames.gdx-controllers\gdx-controllers-core\2.1.0\7c282de3958795a6da5dd3cc2d64b9389a8f9142\gdx-controllers-core-2.1.0.jar;C:\Users\Torches\.gradle\caches\modules-2\files-2.1\com.badlogicgames.gdx\gdx-backend-headless\1.10.0\990eadbb431197c5b9b816d1659c772e0268e65\gdx-backend-headless-1.10.0.jar;C:\Users\Torches\.gradle\caches\modules-2\files-2.1\com.badlogicgames.gdx\gdx-freetype\1.10.0\de1d0d5c1e92e8d91364256fd6b7bb279d3e9859\gdx-freetype-1.10.0
Launcher Type: SUN_STANDARD

[Global flags]
     intx CICompilerCount                          = 4                                         {product} {ergonomic}
     uint ConcGCThreads                            = 2                                         {product} {ergonomic}
     uint G1ConcRefinementThreads                  = 8                                         {product} {ergonomic}
   size_t G1HeapRegionSize                         = 1048576                                   {product} {ergonomic}
    uintx GCDrainStackTargetSize                   = 64                                        {product} {ergonomic}
   size_t InitialHeapSize                          = 134217728                                 {product} {ergonomic}
   size_t MarkStackSize                            = 4194304                                   {product} {ergonomic}
   size_t MaxHeapSize                              = 2132803584                                {product} {ergonomic}
   size_t MaxNewSize                               = 1279262720                                {product} {ergonomic}
   size_t MinHeapDeltaBytes                        = 1048576                                   {product} {ergonomic}
   size_t MinHeapSize                              = 8388608                                   {product} {ergonomic}
    uintx NonNMethodCodeHeapSize                   = 5839372                                {pd product} {ergonomic}
    uintx NonProfiledCodeHeapSize                  = 122909434                              {pd product} {ergonomic}
    uintx ProfiledCodeHeapSize                     = 122909434                              {pd product} {ergonomic}
    uintx ReservedCodeCacheSize                    = 251658240                              {pd product} {ergonomic}
     bool SegmentedCodeCache                       = true                                      {product} {ergonomic}
   size_t SoftMaxHeapSize                          = 2132803584                             {manageable} {ergonomic}
     bool UseCompressedClassPointers               = true                           {product lp64_product} {ergonomic}
     bool UseCompressedOops                        = true                           {product lp64_product} {ergonomic}
     bool UseG1GC                                  = true                                      {product} {ergonomic}
     bool UseLargePagesIndividualAllocation        = false                                  {pd product} {ergonomic}

Logging:
Log output configuration:
 #0: stdout all=warning uptime,level,tags
 #1: stderr all=off uptime,level,tags

Environment Variables:
JAVA_HOME=C:\Program Files (x86)\Common Files\Oracle\Java\javapath\java.exe
PATH=C:\Program Files\Common Files\Oracle\Java\javapath;C:\Program Files (x86)\Common Files\Oracle\Java\javapath;C:\WINDOWS\system32;C:\WINDOWS;C:\WINDOWS\System32\Wbem;C:\WINDOWS\System32\WindowsPowerShell\v1.0\;C:\WINDOWS\System32\OpenSSH\;C:\MinGW\bin;C:\ProgramData\chocolatey\bin;C:\Program Files\Git\cmd;C:\Users\Torches\AppData\Local\Microsoft\WindowsApps;C:\Users\Torches\AppData\Local\Programs\Microsoft VS Code\bin;C:\Program Files\JetBrains\IntelliJ IDEA Community Edition 2021.2.1\bin;
USERNAME=Torches
OS=Windows_NT
PROCESSOR_IDENTIFIER=Intel64 Family 6 Model 60 Stepping 3, GenuineIntel



---------------  S Y S T E M  ---------------

OS:
 Windows 10 , 64 bit Build 19041 (10.0.19041.1348)
OS uptime: 0 days 1:49 hours

CPU: total 8 (initial active 8) (4 cores per cpu, 2 threads per core) family 6 model 60 stepping 3 microcode 0x27, cx8, cmov, fxsr, ht, mmx, sse, sse2, sse3, ssse3, sse4.1, sse4.2, popcnt, lzcnt, tsc, tscinvbit, avx, avx2, aes, erms, clmul, bmi1, bmi2, fma, vzeroupper, clflush

Memory: 4k page, system-wide physical 8131M (797M free)
TotalPageFile size 16067M (AvailPageFile size 3872M)
current process WorkingSet (physical memory assigned to process): 167M, peak: 173M
current process commit charge ("private bytes"): 383M, peak: 388M

vm_info: Java HotSpot(TM) 64-Bit Server VM (16.0.2+7-67) for windows-amd64 JRE (16.0.2+7-67), built on Jun  8 2021 23:24:19 by "mach5one" with MS VC++ 16.7 (VS2019)

END.
