#
# A fatal error has been detected by the Java Runtime Environment:
#
#  EXCEPTION_ACCESS_VIOLATION (0xc0000005) at pc=0x0000000066b0bbb1, pid=14976, tid=5900
#
# JRE version: Java(TM) SE Runtime Environment (16.0.2+7) (build 16.0.2+7-67)
# Java VM: Java HotSpot(TM) 64-Bit Server VM (16.0.2+7-67, mixed mode, sharing, tiered, compressed oops, compressed class ptrs, g1 gc, windows-amd64)
# Problematic frame:
# C  [gdx-box2d64.dll+0xbbb1]
#
# No core dump will be written. Minidumps are not enabled by default on client versions of Windows
#
# If you would like to submit a bug report, please visit:
#   https://bugreport.java.com/bugreport/crash.jsp
# The crash happened outside the Java Virtual Machine in native code.
# See problematic frame for where to report the bug.
#

---------------  S U M M A R Y ------------

Command Line: -Dfile.encoding=windows-1252 -Duser.country=US -Duser.language=en -Duser.variant com.badlogic.soulknight.desktop.DesktopLauncher

Host: Intel(R) Core(TM) i7-4800MQ CPU @ 2.70GHz, 8 cores, 7G,  Windows 10 , 64 bit Build 19041 (10.0.19041.1348)
Time: Sat Jan  8 08:11:55 2022 SE Asia Standard Time elapsed time: 9.388174 seconds (0d 0h 0m 9s)

---------------  T H R E A D  ---------------

Current thread (0x000002924de73030):  JavaThread "LWJGL Application" [_thread_in_native, id=5900, stack(0x000000a20db00000,0x000000a20dc00000)]

Stack: [0x000000a20db00000,0x000000a20dc00000],  sp=0x000000a20dbfe970,  free space=1018k
Native frames: (J=compiled Java code, j=interpreted, Vv=VM code, C=native code)
C  [gdx-box2d64.dll+0xbbb1]

Java frames: (J=compiled Java code, j=interpreted, Vv=VM code)
j  com.badlogic.gdx.physics.box2d.World.jniCreateBody(JIFFFFFFFFZZZZZF)J+0
j  com.badlogic.gdx.physics.box2d.World.createBody(Lcom/badlogic/gdx/physics/box2d/BodyDef;)Lcom/badlogic/gdx/physics/box2d/Body;+80
j  com.badlogic.soulknight.Sprites.Bullets.Bullet.<init>(SSLcom/badlogic/gdx/physics/box2d/World;Lcom/badlogic/gdx/math/Vector2;Lcom/badlogic/gdx/math/Vector2;II)V+51
j  com.badlogic.soulknight.Sprites.Bullets.PlayerBullet.<init>(Lcom/badlogic/gdx/physics/box2d/World;Lcom/badlogic/gdx/math/Vector2;Lcom/badlogic/gdx/math/Vector2;II)V+11
j  com.badlogic.soulknight.Sprites.Shotgun.fire(Lcom/badlogic/gdx/physics/box2d/World;Lcom/badlogic/gdx/math/Vector2;Lcom/badlogic/gdx/math/Vector2;)V+59
j  com.badlogic.soulknight.Sprites.Player.attack(F)V+103
j  com.badlogic.soulknight.Sprites.Player.update(F)V+37
j  com.badlogic.soulknight.Screens.PlayScreen.update(F)V+21
J 1755 c1 com.badlogic.soulknight.Screens.PlayScreen.render(F)V (74 bytes) @ 0x0000029237e4a7bc [0x0000029237e4a4c0+0x00000000000002fc]
j  com.badlogic.gdx.Game.render()V+19
j  com.badlogic.soulknight.SoulKnight.render()V+1
j  com.badlogic.gdx.backends.lwjgl.LwjglApplication.mainLoop()V+776
j  com.badlogic.gdx.backends.lwjgl.LwjglApplication$1.run()V+27
v  ~StubRoutines::call_stub

siginfo: EXCEPTION_ACCESS_VIOLATION (0xc0000005), reading address 0x0000002600000002


Register to memory mapping:

RIP=0x0000000066b0bbb1 gdx-box2d64.dll
RAX=0x0000000066b50060 gdx-box2d64.dll
RBX=0x0000002600000002 is an unknown value
RCX=0x0000029258808c10 points into unknown readable memory: 0x0000029258821fa0 | a0 1f 82 58 92 02 00 00
RDX=0x00000000000000b8 is an unknown value
RSP=0x000000a20dbfe970 is pointing into the stack for thread: 0x000002924de73030
RBP=0x0000029258808c40 points into unknown readable memory: 0x0000000000000000 | 00 00 00 00 00 00 00 00
RSI=0x0000029258808c10 points into unknown readable memory: 0x0000029258821fa0 | a0 1f 82 58 92 02 00 00
RDI=0x000000a20dbfea30 is pointing into the stack for thread: 0x000002924de73030
R8 =0x0000029258808c10 points into unknown readable memory: 0x0000029258821fa0 | a0 1f 82 58 92 02 00 00
R9 =0x0000000000000002 is an unknown value
R10=0x0 is NULL
R11=0x0000000000000001 is an unknown value
R12=0x0 is NULL
R13=0x0000000000000006 is an unknown value
R14=0x000000a20dbfec28 is pointing into the stack for thread: 0x000002924de73030
R15=0x000002924de73030 is a thread


Registers:
RAX=0x0000000066b50060, RBX=0x0000002600000002, RCX=0x0000029258808c10, RDX=0x00000000000000b8
RSP=0x000000a20dbfe970, RBP=0x0000029258808c40, RSI=0x0000029258808c10, RDI=0x000000a20dbfea30
R8 =0x0000029258808c10, R9 =0x0000000000000002, R10=0x0000000000000000, R11=0x0000000000000001
R12=0x0000000000000000, R13=0x0000000000000006, R14=0x000000a20dbfec28, R15=0x000002924de73030
RIP=0x0000000066b0bbb1, EFLAGS=0x0000000000010202

Top of Stack: (sp=0x000000a20dbfe970)
0x000000a20dbfe970:   000002924e7648b8 000002924de73030
0x000000a20dbfe980:   00007ffe4cd53928 0000029250e2ad40
0x000000a20dbfe990:   0000000000000001 0000029258808c10
0x000000a20dbfe9a0:   000000a20dbfea30 000000a20dbfeb80
0x000000a20dbfe9b0:   0000000000000000 000002924e7648b8
0x000000a20dbfe9c0:   000000a20dbfec28 0000000066b21163
0x000000a20dbfe9d0:   000000a20dbfea70 000000a20dbfea70
0x000000a20dbfe9e0:   000000a200000003 000002924e7648b8
0x000000a20dbfe9f0:   0000000000000001 000002924e00ab40
0x000000a20dbfea00:   000000000003aeb4 0000000066b26a36
0x000000a20dbfea10:   000002924de73030 000000a20dbfec28
0x000000a20dbfea20:   000000a20dbfeb80 0000029237578f0b
0x000000a20dbfea30:   4355795a00000002 0000000042c26290
0x000000a20dbfea40:   0000000000000000 0000000000000000
0x000000a20dbfea50:   0000010100000000 000000a20dbfec01
0x000000a20dbfea60:   0000000000000000 000000003f800000 

Instructions: (pc=0x0000000066b0bbb1)
0x0000000066b0bab1:   3d 89 45 04 00 00 75 5e 48 8d 3d a1 45 04 00 bb
0x0000000066b0bac1:   01 00 00 00 31 f6 48 8d 2d 32 45 03 00 eb 04 48
0x0000000066b0bad1:   83 c7 01 48 63 c6 39 5c 85 00 7d 03 83 c6 01 83
0x0000000066b0bae1:   c3 01 40 88 37 81 fb 81 02 00 00 74 22 83 fe 0d
0x0000000066b0baf1:   7e dd 48 8d 15 26 60 03 00 48 8d 0d 84 60 03 00
0x0000000066b0bb01:   41 b8 49 00 00 00 e8 c4 aa 02 00 eb c2 66 90 c6
0x0000000066b0bb11:   05 29 45 04 00 01 48 83 c4 28 5b 5e 5f 5d c3 57
0x0000000066b0bb21:   56 53 48 83 ec 20 8b 41 08 31 f6 31 db 48 89 cf
0x0000000066b0bb31:   85 c0 7e 19 48 8b 07 83 c3 01 48 8b 4c 30 08 48
0x0000000066b0bb41:   83 c6 10 e8 c7 08 00 00 39 5f 08 7f e7 48 8b 0f
0x0000000066b0bb51:   48 83 c4 20 5b 5e 5f e9 b3 08 00 00 90 66 90 41
0x0000000066b0bb61:   56 41 55 41 54 55 57 56 53 48 83 ec 20 48 63 da
0x0000000066b0bb71:   48 89 ce 83 fb 00 0f 84 66 01 00 00 0f 8e 42 01
0x0000000066b0bb81:   00 00 81 fb 80 02 00 00 0f 8f 21 01 00 00 48 8d
0x0000000066b0bb91:   05 ca 44 04 00 44 0f b6 2c 18 41 80 fd 0d 4c 89
0x0000000066b0bba1:   eb 77 2c 48 8d 2c de 48 8b 5d 10 48 85 db 74 45
0x0000000066b0bbb1:   48 8b 03 48 89 45 10 48 89 d8 48 83 c4 20 5b 5e
0x0000000066b0bbc1:   5f 5d 41 5c 41 5d 41 5e c3 66 0f 1f 44 00 00 48
0x0000000066b0bbd1:   8d 15 49 5f 03 00 48 8d 0d c2 5f 03 00 48 8d 2c
0x0000000066b0bbe1:   de 41 b8 70 00 00 00 e8 e3 a9 02 00 48 8b 5d 10
0x0000000066b0bbf1:   48 85 db 75 bb 4c 63 66 08 44 3b 66 0c 0f 84 1c
0x0000000066b0bc01:   01 00 00 49 c1 e4 04 4c 03 26 b9 00 40 00 00 e8
0x0000000066b0bc11:   eb 07 00 00 48 89 c3 4d 63 ed 49 89 44 24 08 48
0x0000000066b0bc21:   8d 05 d9 43 03 00 42 8b 3c a8 b8 00 40 00 00 99
0x0000000066b0bc31:   f7 ff 41 89 fd 41 89 3c 24 44 0f af e8 41 89 c6
0x0000000066b0bc41:   41 81 fd 00 40 00 00 0f 8f a6 00 00 00 41 83 fe
0x0000000066b0bc51:   01 7e 2a 4c 63 c7 41 8d 46 ff 31 d2 4d 89 c1 4a
0x0000000066b0bc61:   8d 0c 03 49 f7 d9 66 0f 1f 84 00 00 00 00 00 83
0x0000000066b0bc71:   c2 01 4a 89 0c 09 4c 01 c1 39 c2 75 f2 41 29 fd
0x0000000066b0bc81:   4d 63 ed 4a c7 04 2b 00 00 00 00 48 8b 03 48 89
0x0000000066b0bc91:   45 10 83 46 08 01 48 89 d8 48 83 c4 20 5b 5e 5f
0x0000000066b0bca1:   5d 41 5c 41 5d 41 5e c3 0f 1f 80 00 00 00 00 89 


Stack slot to memory mapping:
stack at sp + 0 slots: {method} {0x000002924e7648c0} 'jniCreateBody' '(JIFFFFFFFFZZZZZF)J' in 'com/badlogic/gdx/physics/box2d/World'
stack at sp + 1 slots: 0x000002924de73030 is a thread
stack at sp + 2 slots: 0x00007ffe4cd53928 jvm.dll
stack at sp + 3 slots: 0x0000029250e2ad40 points into unknown readable memory: 0x4a2800133e4f0001 | 01 00 4f 3e 13 00 28 4a
stack at sp + 4 slots: 0x0000000000000001 is an unknown value
stack at sp + 5 slots: 0x0000029258808c10 points into unknown readable memory: 0x0000029258821fa0 | a0 1f 82 58 92 02 00 00
stack at sp + 6 slots: 0x000000a20dbfea30 is pointing into the stack for thread: 0x000002924de73030
stack at sp + 7 slots: 0x000000a20dbfeb80 is pointing into the stack for thread: 0x000002924de73030


---------------  P R O C E S S  ---------------

Threads class SMR info:
_java_thread_list=0x0000029250e27e60, length=15, elements={
0x000002924de59760, 0x000002924de5a620, 0x000002924de6b130, 0x000002924de6bc40,
0x000002924de6f760, 0x000002924de73580, 0x000002924de7a340, 0x000002924de82e40,
0x000002924de867b0, 0x000002924de72590, 0x000002924de72ae0, 0x000002924de73030,
0x000002924de73ad0, 0x000002924de705b0, 0x000002924de71050
}

Java Threads: ( => current thread )
  0x000002924de59760 JavaThread "Reference Handler" daemon [_thread_blocked, id=15408, stack(0x000000a20cd00000,0x000000a20ce00000)]
  0x000002924de5a620 JavaThread "Finalizer" daemon [_thread_blocked, id=16108, stack(0x000000a20ce00000,0x000000a20cf00000)]
  0x000002924de6b130 JavaThread "Signal Dispatcher" daemon [_thread_blocked, id=16568, stack(0x000000a20cf00000,0x000000a20d000000)]
  0x000002924de6bc40 JavaThread "Attach Listener" daemon [_thread_blocked, id=5784, stack(0x000000a20d000000,0x000000a20d100000)]
  0x000002924de6f760 JavaThread "Service Thread" daemon [_thread_blocked, id=8176, stack(0x000000a20d100000,0x000000a20d200000)]
  0x000002924de73580 JavaThread "Monitor Deflation Thread" daemon [_thread_blocked, id=15548, stack(0x000000a20d200000,0x000000a20d300000)]
  0x000002924de7a340 JavaThread "C2 CompilerThread0" daemon [_thread_blocked, id=7604, stack(0x000000a20d300000,0x000000a20d400000)]
  0x000002924de82e40 JavaThread "C1 CompilerThread0" daemon [_thread_blocked, id=5580, stack(0x000000a20d400000,0x000000a20d500000)]
  0x000002924de867b0 JavaThread "Sweeper thread" daemon [_thread_blocked, id=15380, stack(0x000000a20d500000,0x000000a20d600000)]
  0x000002924de72590 JavaThread "Notification Thread" daemon [_thread_blocked, id=5080, stack(0x000000a20d600000,0x000000a20d700000)]
  0x000002924de72ae0 JavaThread "Common-Cleaner" daemon [_thread_blocked, id=21784, stack(0x000000a20d800000,0x000000a20d900000)]
=>0x000002924de73030 JavaThread "LWJGL Application" [_thread_in_native, id=5900, stack(0x000000a20db00000,0x000000a20dc00000)]
  0x000002924de73ad0 JavaThread "DestroyJavaVM" [_thread_blocked, id=14388, stack(0x000000a20c600000,0x000000a20c700000)]
  0x000002924de705b0 JavaThread "AssetManager" daemon [_thread_blocked, id=12196, stack(0x000000a20e220000,0x000000a20e320000)]
  0x000002924de71050 JavaThread "LWJGL Timer" daemon [_thread_blocked, id=1652, stack(0x000000a20e320000,0x000000a20e420000)]

Other Threads:
  0x000002924de53b00 VMThread "VM Thread" [stack: 0x000000a20cc00000,0x000000a20cd00000] [id=13748]
  0x000002924e8e6880 WatcherThread [stack: 0x000000a20d700000,0x000000a20d800000] [id=4444]
  0x000002922fe38150 GCTaskThread "GC Thread#0" [stack: 0x000000a20c700000,0x000000a20c800000] [id=2832]
  0x0000029250e9c020 GCTaskThread "GC Thread#1" [stack: 0x000000a20e520000,0x000000a20e620000] [id=22276]
  0x0000029250ea5180 GCTaskThread "GC Thread#2" [stack: 0x000000a20e620000,0x000000a20e720000] [id=20440]
  0x0000029250ea5490 GCTaskThread "GC Thread#3" [stack: 0x000000a20e720000,0x000000a20e820000] [id=8464]
  0x0000029250e99cd0 GCTaskThread "GC Thread#4" [stack: 0x000000a20e820000,0x000000a20e920000] [id=8856]
  0x0000029251215470 GCTaskThread "GC Thread#5" [stack: 0x000000a20e920000,0x000000a20ea20000] [id=10408]
  0x00000292512163c0 GCTaskThread "GC Thread#6" [stack: 0x000000a20ea20000,0x000000a20eb20000] [id=8576]
  0x000002922fe4a130 ConcurrentGCThread "G1 Main Marker" [stack: 0x000000a20c800000,0x000000a20c900000] [id=8868]
  0x000002922fe4b340 ConcurrentGCThread "G1 Conc#0" [stack: 0x000000a20c900000,0x000000a20ca00000] [id=14728]
  0x000002924dd020c0 ConcurrentGCThread "G1 Refine#0" [stack: 0x000000a20ca00000,0x000000a20cb00000] [id=15520]
  0x000002924dd02b40 ConcurrentGCThread "G1 Service" [stack: 0x000000a20cb00000,0x000000a20cc00000] [id=5864]

Threads with active compile tasks:

VM state: not at safepoint (normal execution)

VM Mutex/Monitor currently owned by a thread: None

Heap address: 0x0000000080e00000, size: 2034 MB, Compressed Oops mode: 32-bit

CDS archive(s) mapped at: [0x0000000800000000-0x0000000800bb0000-0x0000000800bb0000), size 12255232, SharedBaseAddress: 0x0000000800000000, ArchiveRelocationMode: 0.
Compressed class space mapped at: 0x0000000800c00000-0x0000000840c00000, reserved size: 1073741824
Narrow klass base: 0x0000000800000000, Narrow klass shift: 3, Narrow klass range: 0x100000000

GC Precious Log:
 CPUs: 8 total, 8 available
 Memory: 8131M
 Large Page Support: Disabled
 NUMA Support: Disabled
 Compressed Oops: Enabled (32-bit)
 Heap Region Size: 1M
 Heap Min Capacity: 8M
 Heap Initial Capacity: 128M
 Heap Max Capacity: 2034M
 Pre-touch: Disabled
 Parallel Workers: 8
 Concurrent Workers: 2
 Concurrent Refinement Workers: 8
 Periodic GC: Disabled

Heap:
 garbage-first heap   total 131072K, used 50091K [0x0000000080e00000, 0x0000000100000000)
  region size 1024K, 46 young (47104K), 1 survivors (1024K)
 Metaspace       used 6587K, committed 6784K, reserved 1064960K
  class space    used 470K, committed 576K, reserved 1048576K

Heap Regions: E=young(eden), S=young(survivor), O=old, HS=humongous(starts), HC=humongous(continues), CS=collection set, F=free, OA=open archive, CA=closed archive, TAMS=top-at-mark-start (previous, next)
|   0|0x0000000080e00000, 0x0000000080f00000, 0x0000000080f00000|100%| O|  |TAMS 0x0000000080e00000, 0x0000000080e00000| Untracked 
|   1|0x0000000080f00000, 0x0000000081000000, 0x0000000081000000|100%| O|  |TAMS 0x0000000080f00000, 0x0000000080f00000| Untracked 
|   2|0x0000000081000000, 0x000000008106d600, 0x0000000081100000| 42%| O|  |TAMS 0x0000000081000000, 0x0000000081000000| Untracked 
|   3|0x0000000081100000, 0x0000000081200000, 0x0000000081200000|100%| O|  |TAMS 0x0000000081100000, 0x0000000081100000| Untracked 
|   4|0x0000000081200000, 0x0000000081300000, 0x0000000081300000|100%| O|  |TAMS 0x0000000081200000, 0x0000000081200000| Untracked 
|   5|0x0000000081300000, 0x0000000081300000, 0x0000000081400000|  0%| F|  |TAMS 0x0000000081300000, 0x0000000081300000| Untracked 
|   6|0x0000000081400000, 0x0000000081400000, 0x0000000081500000|  0%| F|  |TAMS 0x0000000081400000, 0x0000000081400000| Untracked 
|   7|0x0000000081500000, 0x0000000081500000, 0x0000000081600000|  0%| F|  |TAMS 0x0000000081500000, 0x0000000081500000| Untracked 
|   8|0x0000000081600000, 0x0000000081600000, 0x0000000081700000|  0%| F|  |TAMS 0x0000000081600000, 0x0000000081600000| Untracked 
|   9|0x0000000081700000, 0x0000000081700000, 0x0000000081800000|  0%| F|  |TAMS 0x0000000081700000, 0x0000000081700000| Untracked 
|  10|0x0000000081800000, 0x0000000081800000, 0x0000000081900000|  0%| F|  |TAMS 0x0000000081800000, 0x0000000081800000| Untracked 
|  11|0x0000000081900000, 0x0000000081900000, 0x0000000081a00000|  0%| F|  |TAMS 0x0000000081900000, 0x0000000081900000| Untracked 
|  12|0x0000000081a00000, 0x0000000081a00000, 0x0000000081b00000|  0%| F|  |TAMS 0x0000000081a00000, 0x0000000081a00000| Untracked 
|  13|0x0000000081b00000, 0x0000000081b00000, 0x0000000081c00000|  0%| F|  |TAMS 0x0000000081b00000, 0x0000000081b00000| Untracked 
|  14|0x0000000081c00000, 0x0000000081c00000, 0x0000000081d00000|  0%| F|  |TAMS 0x0000000081c00000, 0x0000000081c00000| Untracked 
|  15|0x0000000081d00000, 0x0000000081d00000, 0x0000000081e00000|  0%| F|  |TAMS 0x0000000081d00000, 0x0000000081d00000| Untracked 
|  16|0x0000000081e00000, 0x0000000081e00000, 0x0000000081f00000|  0%| F|  |TAMS 0x0000000081e00000, 0x0000000081e00000| Untracked 
|  17|0x0000000081f00000, 0x0000000081f00000, 0x0000000082000000|  0%| F|  |TAMS 0x0000000081f00000, 0x0000000081f00000| Untracked 
|  18|0x0000000082000000, 0x0000000082000000, 0x0000000082100000|  0%| F|  |TAMS 0x0000000082000000, 0x0000000082000000| Untracked 
|  19|0x0000000082100000, 0x0000000082100000, 0x0000000082200000|  0%| F|  |TAMS 0x0000000082100000, 0x0000000082100000| Untracked 
|  20|0x0000000082200000, 0x0000000082200000, 0x0000000082300000|  0%| F|  |TAMS 0x0000000082200000, 0x0000000082200000| Untracked 
|  21|0x0000000082300000, 0x0000000082300000, 0x0000000082400000|  0%| F|  |TAMS 0x0000000082300000, 0x0000000082300000| Untracked 
|  22|0x0000000082400000, 0x0000000082400000, 0x0000000082500000|  0%| F|  |TAMS 0x0000000082400000, 0x0000000082400000| Untracked 
|  23|0x0000000082500000, 0x0000000082500000, 0x0000000082600000|  0%| F|  |TAMS 0x0000000082500000, 0x0000000082500000| Untracked 
|  24|0x0000000082600000, 0x0000000082600000, 0x0000000082700000|  0%| F|  |TAMS 0x0000000082600000, 0x0000000082600000| Untracked 
|  25|0x0000000082700000, 0x0000000082700000, 0x0000000082800000|  0%| F|  |TAMS 0x0000000082700000, 0x0000000082700000| Untracked 
|  26|0x0000000082800000, 0x0000000082800000, 0x0000000082900000|  0%| F|  |TAMS 0x0000000082800000, 0x0000000082800000| Untracked 
|  27|0x0000000082900000, 0x0000000082900000, 0x0000000082a00000|  0%| F|  |TAMS 0x0000000082900000, 0x0000000082900000| Untracked 
|  28|0x0000000082a00000, 0x0000000082a00000, 0x0000000082b00000|  0%| F|  |TAMS 0x0000000082a00000, 0x0000000082a00000| Untracked 
|  29|0x0000000082b00000, 0x0000000082b00000, 0x0000000082c00000|  0%| F|  |TAMS 0x0000000082b00000, 0x0000000082b00000| Untracked 
|  30|0x0000000082c00000, 0x0000000082c00000, 0x0000000082d00000|  0%| F|  |TAMS 0x0000000082c00000, 0x0000000082c00000| Untracked 
|  31|0x0000000082d00000, 0x0000000082d00000, 0x0000000082e00000|  0%| F|  |TAMS 0x0000000082d00000, 0x0000000082d00000| Untracked 
|  32|0x0000000082e00000, 0x0000000082e00000, 0x0000000082f00000|  0%| F|  |TAMS 0x0000000082e00000, 0x0000000082e00000| Untracked 
|  33|0x0000000082f00000, 0x0000000082f00000, 0x0000000083000000|  0%| F|  |TAMS 0x0000000082f00000, 0x0000000082f00000| Untracked 
|  34|0x0000000083000000, 0x0000000083000000, 0x0000000083100000|  0%| F|  |TAMS 0x0000000083000000, 0x0000000083000000| Untracked 
|  35|0x0000000083100000, 0x0000000083100000, 0x0000000083200000|  0%| F|  |TAMS 0x0000000083100000, 0x0000000083100000| Untracked 
|  36|0x0000000083200000, 0x0000000083200000, 0x0000000083300000|  0%| F|  |TAMS 0x0000000083200000, 0x0000000083200000| Untracked 
|  37|0x0000000083300000, 0x0000000083300000, 0x0000000083400000|  0%| F|  |TAMS 0x0000000083300000, 0x0000000083300000| Untracked 
|  38|0x0000000083400000, 0x0000000083400000, 0x0000000083500000|  0%| F|  |TAMS 0x0000000083400000, 0x0000000083400000| Untracked 
|  39|0x0000000083500000, 0x0000000083500000, 0x0000000083600000|  0%| F|  |TAMS 0x0000000083500000, 0x0000000083500000| Untracked 
|  40|0x0000000083600000, 0x0000000083600000, 0x0000000083700000|  0%| F|  |TAMS 0x0000000083600000, 0x0000000083600000| Untracked 
|  41|0x0000000083700000, 0x0000000083700000, 0x0000000083800000|  0%| F|  |TAMS 0x0000000083700000, 0x0000000083700000| Untracked 
|  42|0x0000000083800000, 0x0000000083800000, 0x0000000083900000|  0%| F|  |TAMS 0x0000000083800000, 0x0000000083800000| Untracked 
|  43|0x0000000083900000, 0x0000000083900000, 0x0000000083a00000|  0%| F|  |TAMS 0x0000000083900000, 0x0000000083900000| Untracked 
|  44|0x0000000083a00000, 0x0000000083a00000, 0x0000000083b00000|  0%| F|  |TAMS 0x0000000083a00000, 0x0000000083a00000| Untracked 
|  45|0x0000000083b00000, 0x0000000083b00000, 0x0000000083c00000|  0%| F|  |TAMS 0x0000000083b00000, 0x0000000083b00000| Untracked 
|  46|0x0000000083c00000, 0x0000000083c00000, 0x0000000083d00000|  0%| F|  |TAMS 0x0000000083c00000, 0x0000000083c00000| Untracked 
|  47|0x0000000083d00000, 0x0000000083d00000, 0x0000000083e00000|  0%| F|  |TAMS 0x0000000083d00000, 0x0000000083d00000| Untracked 
|  48|0x0000000083e00000, 0x0000000083e00000, 0x0000000083f00000|  0%| F|  |TAMS 0x0000000083e00000, 0x0000000083e00000| Untracked 
|  49|0x0000000083f00000, 0x0000000083f00000, 0x0000000084000000|  0%| F|  |TAMS 0x0000000083f00000, 0x0000000083f00000| Untracked 
|  50|0x0000000084000000, 0x0000000084000000, 0x0000000084100000|  0%| F|  |TAMS 0x0000000084000000, 0x0000000084000000| Untracked 
|  51|0x0000000084100000, 0x0000000084100000, 0x0000000084200000|  0%| F|  |TAMS 0x0000000084100000, 0x0000000084100000| Untracked 
|  52|0x0000000084200000, 0x0000000084200000, 0x0000000084300000|  0%| F|  |TAMS 0x0000000084200000, 0x0000000084200000| Untracked 
|  53|0x0000000084300000, 0x0000000084300000, 0x0000000084400000|  0%| F|  |TAMS 0x0000000084300000, 0x0000000084300000| Untracked 
|  54|0x0000000084400000, 0x0000000084400000, 0x0000000084500000|  0%| F|  |TAMS 0x0000000084400000, 0x0000000084400000| Untracked 
|  55|0x0000000084500000, 0x0000000084500000, 0x0000000084600000|  0%| F|  |TAMS 0x0000000084500000, 0x0000000084500000| Untracked 
|  56|0x0000000084600000, 0x0000000084600000, 0x0000000084700000|  0%| F|  |TAMS 0x0000000084600000, 0x0000000084600000| Untracked 
|  57|0x0000000084700000, 0x0000000084700000, 0x0000000084800000|  0%| F|  |TAMS 0x0000000084700000, 0x0000000084700000| Untracked 
|  58|0x0000000084800000, 0x0000000084800000, 0x0000000084900000|  0%| F|  |TAMS 0x0000000084800000, 0x0000000084800000| Untracked 
|  59|0x0000000084900000, 0x0000000084900000, 0x0000000084a00000|  0%| F|  |TAMS 0x0000000084900000, 0x0000000084900000| Untracked 
|  60|0x0000000084a00000, 0x0000000084a00000, 0x0000000084b00000|  0%| F|  |TAMS 0x0000000084a00000, 0x0000000084a00000| Untracked 
|  61|0x0000000084b00000, 0x0000000084b00000, 0x0000000084c00000|  0%| F|  |TAMS 0x0000000084b00000, 0x0000000084b00000| Untracked 
|  62|0x0000000084c00000, 0x0000000084c00000, 0x0000000084d00000|  0%| F|  |TAMS 0x0000000084c00000, 0x0000000084c00000| Untracked 
|  63|0x0000000084d00000, 0x0000000084d00000, 0x0000000084e00000|  0%| F|  |TAMS 0x0000000084d00000, 0x0000000084d00000| Untracked 
|  64|0x0000000084e00000, 0x0000000084e00000, 0x0000000084f00000|  0%| F|  |TAMS 0x0000000084e00000, 0x0000000084e00000| Untracked 
|  65|0x0000000084f00000, 0x0000000084f00000, 0x0000000085000000|  0%| F|  |TAMS 0x0000000084f00000, 0x0000000084f00000| Untracked 
|  66|0x0000000085000000, 0x0000000085000000, 0x0000000085100000|  0%| F|  |TAMS 0x0000000085000000, 0x0000000085000000| Untracked 
|  67|0x0000000085100000, 0x0000000085100000, 0x0000000085200000|  0%| F|  |TAMS 0x0000000085100000, 0x0000000085100000| Untracked 
|  68|0x0000000085200000, 0x0000000085200000, 0x0000000085300000|  0%| F|  |TAMS 0x0000000085200000, 0x0000000085200000| Untracked 
|  69|0x0000000085300000, 0x0000000085300000, 0x0000000085400000|  0%| F|  |TAMS 0x0000000085300000, 0x0000000085300000| Untracked 
|  70|0x0000000085400000, 0x0000000085400000, 0x0000000085500000|  0%| F|  |TAMS 0x0000000085400000, 0x0000000085400000| Untracked 
|  71|0x0000000085500000, 0x0000000085500000, 0x0000000085600000|  0%| F|  |TAMS 0x0000000085500000, 0x0000000085500000| Untracked 
|  72|0x0000000085600000, 0x0000000085600000, 0x0000000085700000|  0%| F|  |TAMS 0x0000000085600000, 0x0000000085600000| Untracked 
|  73|0x0000000085700000, 0x0000000085700000, 0x0000000085800000|  0%| F|  |TAMS 0x0000000085700000, 0x0000000085700000| Untracked 
|  74|0x0000000085800000, 0x0000000085800000, 0x0000000085900000|  0%| F|  |TAMS 0x0000000085800000, 0x0000000085800000| Untracked 
|  75|0x0000000085900000, 0x0000000085900000, 0x0000000085a00000|  0%| F|  |TAMS 0x0000000085900000, 0x0000000085900000| Untracked 
|  76|0x0000000085a00000, 0x0000000085a00000, 0x0000000085b00000|  0%| F|  |TAMS 0x0000000085a00000, 0x0000000085a00000| Untracked 
|  77|0x0000000085b00000, 0x0000000085b00000, 0x0000000085c00000|  0%| F|  |TAMS 0x0000000085b00000, 0x0000000085b00000| Untracked 
|  78|0x0000000085c00000, 0x0000000085c00000, 0x0000000085d00000|  0%| F|  |TAMS 0x0000000085c00000, 0x0000000085c00000| Untracked 
|  79|0x0000000085d00000, 0x0000000085d00000, 0x0000000085e00000|  0%| F|  |TAMS 0x0000000085d00000, 0x0000000085d00000| Untracked 
|  80|0x0000000085e00000, 0x0000000085e00000, 0x0000000085f00000|  0%| F|  |TAMS 0x0000000085e00000, 0x0000000085e00000| Untracked 
|  81|0x0000000085f00000, 0x0000000085f00000, 0x0000000086000000|  0%| F|  |TAMS 0x0000000085f00000, 0x0000000085f00000| Untracked 
|  82|0x0000000086000000, 0x0000000086081a80, 0x0000000086100000| 50%| E|  |TAMS 0x0000000086000000, 0x0000000086000000| Complete 
|  83|0x0000000086100000, 0x0000000086200000, 0x0000000086200000|100%| E|CS|TAMS 0x0000000086100000, 0x0000000086100000| Complete 
|  84|0x0000000086200000, 0x0000000086300000, 0x0000000086300000|100%| E|CS|TAMS 0x0000000086200000, 0x0000000086200000| Complete 
|  85|0x0000000086300000, 0x0000000086400000, 0x0000000086400000|100%| E|CS|TAMS 0x0000000086300000, 0x0000000086300000| Complete 
|  86|0x0000000086400000, 0x0000000086500000, 0x0000000086500000|100%| E|CS|TAMS 0x0000000086400000, 0x0000000086400000| Complete 
|  87|0x0000000086500000, 0x0000000086600000, 0x0000000086600000|100%| E|CS|TAMS 0x0000000086500000, 0x0000000086500000| Complete 
|  88|0x0000000086600000, 0x0000000086700000, 0x0000000086700000|100%| E|CS|TAMS 0x0000000086600000, 0x0000000086600000| Complete 
|  89|0x0000000086700000, 0x0000000086800000, 0x0000000086800000|100%| E|CS|TAMS 0x0000000086700000, 0x0000000086700000| Complete 
|  90|0x0000000086800000, 0x0000000086900000, 0x0000000086900000|100%| E|CS|TAMS 0x0000000086800000, 0x0000000086800000| Complete 
|  91|0x0000000086900000, 0x0000000086a00000, 0x0000000086a00000|100%| E|CS|TAMS 0x0000000086900000, 0x0000000086900000| Complete 
|  92|0x0000000086a00000, 0x0000000086b00000, 0x0000000086b00000|100%| E|CS|TAMS 0x0000000086a00000, 0x0000000086a00000| Complete 
|  93|0x0000000086b00000, 0x0000000086c00000, 0x0000000086c00000|100%| E|CS|TAMS 0x0000000086b00000, 0x0000000086b00000| Complete 
|  94|0x0000000086c00000, 0x0000000086d00000, 0x0000000086d00000|100%| E|CS|TAMS 0x0000000086c00000, 0x0000000086c00000| Complete 
|  95|0x0000000086d00000, 0x0000000086d7d858, 0x0000000086e00000| 49%| S|CS|TAMS 0x0000000086d00000, 0x0000000086d00000| Complete 
|  96|0x0000000086e00000, 0x0000000086f00000, 0x0000000086f00000|100%| E|CS|TAMS 0x0000000086e00000, 0x0000000086e00000| Complete 
|  97|0x0000000086f00000, 0x0000000087000000, 0x0000000087000000|100%| E|CS|TAMS 0x0000000086f00000, 0x0000000086f00000| Complete 
|  98|0x0000000087000000, 0x0000000087100000, 0x0000000087100000|100%| E|CS|TAMS 0x0000000087000000, 0x0000000087000000| Complete 
|  99|0x0000000087100000, 0x0000000087200000, 0x0000000087200000|100%| E|CS|TAMS 0x0000000087100000, 0x0000000087100000| Complete 
| 100|0x0000000087200000, 0x0000000087300000, 0x0000000087300000|100%| E|CS|TAMS 0x0000000087200000, 0x0000000087200000| Complete 
| 101|0x0000000087300000, 0x0000000087400000, 0x0000000087400000|100%| E|CS|TAMS 0x0000000087300000, 0x0000000087300000| Complete 
| 102|0x0000000087400000, 0x0000000087500000, 0x0000000087500000|100%| E|CS|TAMS 0x0000000087400000, 0x0000000087400000| Complete 
| 103|0x0000000087500000, 0x0000000087600000, 0x0000000087600000|100%| E|CS|TAMS 0x0000000087500000, 0x0000000087500000| Complete 
| 104|0x0000000087600000, 0x0000000087700000, 0x0000000087700000|100%| E|CS|TAMS 0x0000000087600000, 0x0000000087600000| Complete 
| 105|0x0000000087700000, 0x0000000087800000, 0x0000000087800000|100%| E|CS|TAMS 0x0000000087700000, 0x0000000087700000| Complete 
| 106|0x0000000087800000, 0x0000000087900000, 0x0000000087900000|100%| E|CS|TAMS 0x0000000087800000, 0x0000000087800000| Complete 
| 107|0x0000000087900000, 0x0000000087a00000, 0x0000000087a00000|100%| E|CS|TAMS 0x0000000087900000, 0x0000000087900000| Complete 
| 108|0x0000000087a00000, 0x0000000087b00000, 0x0000000087b00000|100%| E|CS|TAMS 0x0000000087a00000, 0x0000000087a00000| Complete 
| 109|0x0000000087b00000, 0x0000000087c00000, 0x0000000087c00000|100%| E|CS|TAMS 0x0000000087b00000, 0x0000000087b00000| Complete 
| 110|0x0000000087c00000, 0x0000000087d00000, 0x0000000087d00000|100%| E|CS|TAMS 0x0000000087c00000, 0x0000000087c00000| Complete 
| 111|0x0000000087d00000, 0x0000000087e00000, 0x0000000087e00000|100%| E|CS|TAMS 0x0000000087d00000, 0x0000000087d00000| Complete 
| 112|0x0000000087e00000, 0x0000000087f00000, 0x0000000087f00000|100%| E|CS|TAMS 0x0000000087e00000, 0x0000000087e00000| Complete 
| 113|0x0000000087f00000, 0x0000000088000000, 0x0000000088000000|100%| E|CS|TAMS 0x0000000087f00000, 0x0000000087f00000| Complete 
| 114|0x0000000088000000, 0x0000000088100000, 0x0000000088100000|100%| E|CS|TAMS 0x0000000088000000, 0x0000000088000000| Complete 
| 115|0x0000000088100000, 0x0000000088200000, 0x0000000088200000|100%| E|CS|TAMS 0x0000000088100000, 0x0000000088100000| Complete 
| 116|0x0000000088200000, 0x0000000088300000, 0x0000000088300000|100%| E|CS|TAMS 0x0000000088200000, 0x0000000088200000| Complete 
| 117|0x0000000088300000, 0x0000000088400000, 0x0000000088400000|100%| E|CS|TAMS 0x0000000088300000, 0x0000000088300000| Complete 
| 118|0x0000000088400000, 0x0000000088500000, 0x0000000088500000|100%| E|CS|TAMS 0x0000000088400000, 0x0000000088400000| Complete 
| 119|0x0000000088500000, 0x0000000088600000, 0x0000000088600000|100%| E|CS|TAMS 0x0000000088500000, 0x0000000088500000| Complete 
| 120|0x0000000088600000, 0x0000000088700000, 0x0000000088700000|100%| E|CS|TAMS 0x0000000088600000, 0x0000000088600000| Complete 
| 121|0x0000000088700000, 0x0000000088800000, 0x0000000088800000|100%| E|CS|TAMS 0x0000000088700000, 0x0000000088700000| Complete 
| 122|0x0000000088800000, 0x0000000088900000, 0x0000000088900000|100%| E|CS|TAMS 0x0000000088800000, 0x0000000088800000| Complete 
| 123|0x0000000088900000, 0x0000000088a00000, 0x0000000088a00000|100%| E|CS|TAMS 0x0000000088900000, 0x0000000088900000| Complete 
| 124|0x0000000088a00000, 0x0000000088b00000, 0x0000000088b00000|100%| E|CS|TAMS 0x0000000088a00000, 0x0000000088a00000| Complete 
| 125|0x0000000088b00000, 0x0000000088c00000, 0x0000000088c00000|100%| E|CS|TAMS 0x0000000088b00000, 0x0000000088b00000| Complete 
| 126|0x0000000088c00000, 0x0000000088d00000, 0x0000000088d00000|100%| E|CS|TAMS 0x0000000088c00000, 0x0000000088c00000| Complete 
| 127|0x0000000088d00000, 0x0000000088e00000, 0x0000000088e00000|100%| E|CS|TAMS 0x0000000088d00000, 0x0000000088d00000| Complete 

Card table byte_map: [0x0000029246cb0000,0x00000292470b0000] _byte_map_base: 0x00000292468a9000

Marking Bits (Prev, Next): (CMBitMap*) 0x000002922fe38840, (CMBitMap*) 0x000002922fe38880
 Prev Bits: [0x00000292474b0000, 0x0000029249478000)
 Next Bits: [0x0000029249480000, 0x000002924b448000)

Polling page: 0x000002922f5d0000

Metaspace:

Usage:
  Non-class:      5.97 MB used.
      Class:    470.54 KB used.
       Both:      6.43 MB used.

Virtual space:
  Non-class space:       16.00 MB reserved,       6.06 MB ( 38%) committed,  2 nodes.
      Class space:        1.00 GB reserved,     576.00 KB ( <1%) committed,  1 nodes.
              Both:        1.02 GB reserved,       6.62 MB ( <1%) committed. 

Chunk freelists:
   Non-Class:  3.86 MB
       Class:  3.41 MB
        Both:  7.27 MB

MaxMetaspaceSize: 17179869184.00 GB
CompressedClassSpaceSize: 1.00 GB
 - commit_granule_bytes: 65536.
 - commit_granule_words: 8192.
 - virtual_space_node_default_size: 1048576.
 - enlarge_chunks_in_place: 1.
 - new_chunks_are_fully_committed: 0.
 - uncommit_free_chunks: 1.
 - use_allocation_guard: 0.
 - handle_deallocations: 1.


Internal statistics:

num_allocs_failed_limit: 0.
num_arena_births: 14.
num_arena_deaths: 0.
num_vsnodes_births: 3.
num_vsnodes_deaths: 0.
num_space_committed: 104.
num_space_uncommitted: 0.
num_chunks_returned_to_freelist: 0.
num_chunks_taken_from_freelist: 168.
num_chunk_merges: 0.
num_chunk_splits: 143.
num_chunks_enlarged: 133.
num_purges: 0.

CodeHeap 'non-profiled nmethods': size=120000Kb used=1103Kb max_used=1103Kb free=118896Kb
 bounds [0x000002923f040000, 0x000002923f2b0000, 0x0000029246570000]
CodeHeap 'profiled nmethods': size=120000Kb used=3402Kb max_used=3402Kb free=116597Kb
 bounds [0x0000029237b10000, 0x0000029237e70000, 0x000002923f040000]
CodeHeap 'non-nmethods': size=5760Kb used=1298Kb max_used=1350Kb free=4461Kb
 bounds [0x0000029237570000, 0x00000292377e0000, 0x0000029237b10000]
 total_blobs=2424 nmethods=1798 adapters=539
 compilation: enabled
              stopped_count=0, restarted_count=0
 full_count=0

Compilation events (20 events):
Event: 8.999 Thread 0x000002924de7a340 1790       4       java.util.regex.Matcher::reset (128 bytes)
Event: 9.007 Thread 0x000002924de7a340 nmethod 1790 0x000002923f152d10 code [0x000002923f152ea0, 0x000002923f1531b8]
Event: 9.067 Thread 0x000002924de82e40 1791       3       java.util.Formatter$FormatSpecifier::localizedMagnitude (419 bytes)
Event: 9.069 Thread 0x000002924de82e40 nmethod 1791 0x0000029237e5bd90 code [0x0000029237e5c180, 0x0000029237e5dbc8]
Event: 9.078 Thread 0x000002924de82e40 1792       3       jdk.internal.misc.Unsafe::pick (12 bytes)
Event: 9.078 Thread 0x000002924de82e40 nmethod 1792 0x0000029237e5e890 code [0x0000029237e5ea20, 0x0000029237e5eb18]
Event: 9.127 Thread 0x000002924de82e40 1794       3       java.nio.ByteBuffer::clear (5 bytes)
Event: 9.127 Thread 0x000002924de82e40 nmethod 1794 0x0000029237e5eb90 code [0x0000029237e5ed40, 0x0000029237e5ef08]
Event: 9.144 Thread 0x000002924de82e40 1795       3       java.nio.HeapByteBuffer::putLong (32 bytes)
Event: 9.145 Thread 0x000002924de82e40 nmethod 1795 0x0000029237e5ef90 code [0x0000029237e5f1e0, 0x0000029237e5fcc8]
Event: 9.145 Thread 0x000002924de82e40 1796   !   3       jdk.internal.misc.ScopedMemoryAccess::putLongUnaligned (27 bytes)
Event: 9.145 Thread 0x000002924de82e40 nmethod 1796 0x0000029237e60190 code [0x0000029237e603a0, 0x0000029237e60a08]
Event: 9.145 Thread 0x000002924de82e40 1797  s    3       org.lwjgl.opengl.EventQueue::putEvent (80 bytes)
Event: 9.146 Thread 0x000002924de82e40 nmethod 1797 0x0000029237e60d10 code [0x0000029237e60fc0, 0x0000029237e61ca8]
Event: 9.198 Thread 0x000002924de82e40 1798       3       com.badlogic.soulknight.Sprites.Monster.Monster::updateAll (35 bytes)
Event: 9.198 Thread 0x000002924de82e40 nmethod 1798 0x0000029237e62090 code [0x0000029237e622a0, 0x0000029237e62938]
Event: 9.217 Thread 0x000002924de7a340 1799       4       java.util.ArrayList$Itr::hasNext (20 bytes)
Event: 9.217 Thread 0x000002924de7a340 nmethod 1799 0x000002923f153790 code [0x000002923f153920, 0x000002923f1539b8]
Event: 9.249 Thread 0x000002924de7a340 1800       4       com.badlogic.gdx.math.Matrix4::idt (124 bytes)
Event: 9.251 Thread 0x000002924de7a340 nmethod 1800 0x000002923f153a90 code [0x000002923f153c20, 0x000002923f153d18]

GC Heap History (4 events):
Event: 3.371 GC heap before
{Heap before GC invocations=0 (full 0):
 garbage-first heap   total 131072K, used 25600K [0x0000000080e00000, 0x0000000100000000)
  region size 1024K, 23 young (23552K), 0 survivors (0K)
 Metaspace       used 6007K, committed 6208K, reserved 1056768K
  class space    used 463K, committed 576K, reserved 1048576K
}
Event: 3.378 GC heap after
{Heap after GC invocations=1 (full 0):
 garbage-first heap   total 131072K, used 4598K [0x0000000080e00000, 0x0000000100000000)
  region size 1024K, 3 young (3072K), 3 survivors (3072K)
 Metaspace       used 6007K, committed 6208K, reserved 1056768K
  class space    used 463K, committed 576K, reserved 1048576K
}
Event: 5.696 GC heap before
{Heap before GC invocations=1 (full 0):
 garbage-first heap   total 131072K, used 34294K [0x0000000080e00000, 0x0000000100000000)
  region size 1024K, 32 young (32768K), 3 survivors (3072K)
 Metaspace       used 6402K, committed 6528K, reserved 1056768K
  class space    used 469K, committed 576K, reserved 1048576K
}
Event: 5.700 GC heap after
{Heap after GC invocations=2 (full 0):
 garbage-first heap   total 131072K, used 5035K [0x0000000080e00000, 0x0000000100000000)
  region size 1024K, 1 young (1024K), 1 survivors (1024K)
 Metaspace       used 6402K, committed 6528K, reserved 1056768K
  class space    used 469K, committed 576K, reserved 1048576K
}

Deoptimization events (20 events):
Event: 6.061 Thread 0x000002924de73030 DEOPT PACKING pc=0x0000029237dfc6c8 sp=0x000000a20dbfed40
Event: 6.061 Thread 0x000002924de73030 DEOPT UNPACKING pc=0x00000292375bdece sp=0x000000a20dbfe1e8 mode 0
Event: 6.062 Thread 0x000002924de73030 DEOPT PACKING pc=0x0000029237dfc6c8 sp=0x000000a20dbfed40
Event: 6.062 Thread 0x000002924de73030 DEOPT UNPACKING pc=0x00000292375bdece sp=0x000000a20dbfe1e8 mode 0
Event: 6.996 Thread 0x000002924de73030 Uncommon trap: trap_request=0xffffffd6 fr.pc=0x000002923f0e70fc relative=0x00000000000001bc
Event: 6.996 Thread 0x000002924de73030 Uncommon trap: reason=array_check action=maybe_recompile pc=0x000002923f0e70fc method=com.badlogic.gdx.utils.Array.add(Ljava/lang/Object;)V @ 46 c2
Event: 6.996 Thread 0x000002924de73030 DEOPT PACKING pc=0x000002923f0e70fc sp=0x000000a20dbfed90
Event: 6.996 Thread 0x000002924de73030 DEOPT UNPACKING pc=0x00000292375bd72e sp=0x000000a20dbfed38 mode 2
Event: 6.996 Thread 0x000002924de73030 Uncommon trap: trap_request=0xffffff45 fr.pc=0x000002923f11f850 relative=0x0000000000002810
Event: 6.996 Thread 0x000002924de73030 Uncommon trap: reason=unstable_if action=reinterpret pc=0x000002923f11f850 method=jdk.internal.module.Resources.toPackageName(Ljava/lang/String;)Ljava/lang/String; @ 9 c2
Event: 6.996 Thread 0x000002924de73030 DEOPT PACKING pc=0x000002923f11f850 sp=0x000000a20dbfe940
Event: 6.996 Thread 0x000002924de73030 DEOPT UNPACKING pc=0x00000292375bd72e sp=0x000000a20dbfe8e0 mode 2
Event: 7.513 Thread 0x000002924de73030 Uncommon trap: trap_request=0xffffffd6 fr.pc=0x000002923f0e70fc relative=0x00000000000001bc
Event: 7.513 Thread 0x000002924de73030 Uncommon trap: reason=array_check action=maybe_recompile pc=0x000002923f0e70fc method=com.badlogic.gdx.utils.Array.add(Ljava/lang/Object;)V @ 46 c2
Event: 7.513 Thread 0x000002924de73030 DEOPT PACKING pc=0x000002923f0e70fc sp=0x000000a20dbfed90
Event: 7.513 Thread 0x000002924de73030 DEOPT UNPACKING pc=0x00000292375bd72e sp=0x000000a20dbfed38 mode 2
Event: 8.428 Thread 0x000002924de73030 Uncommon trap: trap_request=0xffffffd6 fr.pc=0x000002923f0e70fc relative=0x00000000000001bc
Event: 8.428 Thread 0x000002924de73030 Uncommon trap: reason=array_check action=maybe_recompile pc=0x000002923f0e70fc method=com.badlogic.gdx.utils.Array.add(Ljava/lang/Object;)V @ 46 c2
Event: 8.428 Thread 0x000002924de73030 DEOPT PACKING pc=0x000002923f0e70fc sp=0x000000a20dbfed10
Event: 8.428 Thread 0x000002924de73030 DEOPT UNPACKING pc=0x00000292375bd72e sp=0x000000a20dbfecb8 mode 2

Classes unloaded (0 events):
No events

Classes redefined (0 events):
No events

Internal exceptions (5 events):
Event: 0.341 Thread 0x000002922fdf8300 Exception <a 'java/lang/NoSuchMethodError'{0x0000000088ab40e8}: 'java.lang.Object java.lang.invoke.DirectMethodHandle$Holder.invokeInterface(java.lang.Object, java.lang.Object)'> (0x0000000088ab40e8) 
thrown [t:\workspace\open\src\hotspot\share\interpreter\linkResolver.cpp, line 790]
Event: 0.341 Thread 0x000002922fdf8300 Exception <a 'java/lang/IncompatibleClassChangeError'{0x0000000088ab7e68}: Found class java.lang.Object, but interface was expected> (0x0000000088ab7e68) 
thrown [t:\workspace\open\src\hotspot\share\interpreter\linkResolver.cpp, line 857]
Event: 0.566 Thread 0x000002924de73030 Exception <a 'org/lwjgl/LWJGLException'{0x000000008887ccc8}: Failed to set device gamma.> (0x000000008887ccc8) 
thrown [t:\workspace\open\src\hotspot\share\prims\jni.cpp, line 600]
Event: 2.823 Thread 0x000002924de73030 Exception <a 'java/lang/NoSuchMethodError'{0x000000008828ada8}: 'java.lang.Object java.lang.invoke.DirectMethodHandle$Holder.invokeStatic(java.lang.Object)'> (0x000000008828ada8) 
thrown [t:\workspace\open\src\hotspot\share\interpreter\linkResolver.cpp, line 790]
Event: 2.823 Thread 0x000002924de73030 Exception <a 'java/lang/NoSuchMethodError'{0x000000008828e4f8}: 'java.lang.Object java.lang.invoke.DirectMethodHandle$Holder.invokeStaticInit(java.lang.Object)'> (0x000000008828e4f8) 
thrown [t:\workspace\open\src\hotspot\share\interpreter\linkResolver.cpp, line 790]

Events (20 events):
Event: 3.145 loading class java/util/zip/GZIPInputStream done
Event: 3.150 loading class sun/nio/cs/UTF_8$Decoder
Event: 3.150 loading class sun/nio/cs/UTF_8$Decoder done
Event: 3.179 loading class jdk/internal/math/FloatingDecimal$ASCIIToBinaryBuffer
Event: 3.179 loading class jdk/internal/math/FloatingDecimal$ASCIIToBinaryBuffer done
Event: 3.221 Loaded shared library C:\Users\Torches\AppData\Local\Temp\libgdxTorches\a14961b7\gdx-box2d64.dll
Event: 3.371 Executing  VM operation: G1CollectForAllocation
Event: 3.378 Executing  VM operation: G1CollectForAllocation done
Event: 4.766 Thread 0x0000029250e022d0 Thread exited: 0x0000029250e022d0
Event: 4.766 Thread 0x0000029250c59e10 Thread exited: 0x0000029250c59e10
Event: 5.378 Executing  VM operation: Cleanup
Event: 5.378 Executing  VM operation: Cleanup done
Event: 5.696 Executing  VM operation: G1CollectForAllocation
Event: 5.700 Executing  VM operation: G1CollectForAllocation done
Event: 6.769 Executing  VM operation: ICBufferFull
Event: 6.769 Executing  VM operation: ICBufferFull done
Event: 7.983 Executing  VM operation: ICBufferFull
Event: 7.983 Executing  VM operation: ICBufferFull done
Event: 8.983 Executing  VM operation: Cleanup
Event: 8.983 Executing  VM operation: Cleanup done


Dynamic libraries:
0x00007ff6018c0000 - 0x00007ff6018d0000 	C:\Program Files\Java\jdk-16.0.2\bin\java.exe
0x00007ffec3b50000 - 0x00007ffec3d45000 	C:\WINDOWS\SYSTEM32\ntdll.dll
0x00007ffe90830000 - 0x00007ffe90846000 	C:\Program Files\Avast Software\Avast\aswhook.dll
0x00007ffec1ff0000 - 0x00007ffec20ae000 	C:\WINDOWS\System32\KERNEL32.DLL
0x00007ffec17c0000 - 0x00007ffec1a88000 	C:\WINDOWS\System32\KERNELBASE.dll
0x00007ffec1a90000 - 0x00007ffec1b90000 	C:\WINDOWS\System32\ucrtbase.dll
0x00007ffeaec80000 - 0x00007ffeaec99000 	C:\Program Files\Java\jdk-16.0.2\bin\VCRUNTIME140.dll
0x00007ffeae010000 - 0x00007ffeae028000 	C:\Program Files\Java\jdk-16.0.2\bin\jli.dll
0x00007ffec2d00000 - 0x00007ffec2dac000 	C:\WINDOWS\System32\ADVAPI32.dll
0x00007ffec39d0000 - 0x00007ffec3a6e000 	C:\WINDOWS\System32\msvcrt.dll
0x00007ffec30d0000 - 0x00007ffec316b000 	C:\WINDOWS\System32\sechost.dll
0x00007ffec20b0000 - 0x00007ffec21da000 	C:\WINDOWS\System32\RPCRT4.dll
0x00007ffec1b90000 - 0x00007ffec1d31000 	C:\WINDOWS\System32\USER32.dll
0x00007ffec14b0000 - 0x00007ffec14d2000 	C:\WINDOWS\System32\win32u.dll
0x00007ffeb6f90000 - 0x00007ffeb722a000 	C:\WINDOWS\WinSxS\amd64_microsoft.windows.common-controls_6595b64144ccf1df_6.0.19041.1110_none_60b5254171f9507e\COMCTL32.dll
0x00007ffec30a0000 - 0x00007ffec30cb000 	C:\WINDOWS\System32\GDI32.dll
0x00007ffec13a0000 - 0x00007ffec14ad000 	C:\WINDOWS\System32\gdi32full.dll
0x00007ffec16d0000 - 0x00007ffec176d000 	C:\WINDOWS\System32\msvcp_win.dll
0x00007ffeb9870000 - 0x00007ffeb987a000 	C:\WINDOWS\SYSTEM32\VERSION.dll
0x00007ffec2790000 - 0x00007ffec27c0000 	C:\WINDOWS\System32\IMM32.DLL
0x00007ffeb9f20000 - 0x00007ffeb9f2c000 	C:\Program Files\Java\jdk-16.0.2\bin\vcruntime140_1.dll
0x00007ffe9de20000 - 0x00007ffe9deb1000 	C:\Program Files\Java\jdk-16.0.2\bin\msvcp140.dll
0x00007ffe4c460000 - 0x00007ffe4d00b000 	C:\Program Files\Java\jdk-16.0.2\bin\server\jvm.dll
0x00007ffec3b00000 - 0x00007ffec3b08000 	C:\WINDOWS\System32\PSAPI.DLL
0x00007ffeb7230000 - 0x00007ffeb7257000 	C:\WINDOWS\SYSTEM32\WINMM.dll
0x00007ffeaff30000 - 0x00007ffeaff39000 	C:\WINDOWS\SYSTEM32\WSOCK32.dll
0x00007ffec2240000 - 0x00007ffec22ab000 	C:\WINDOWS\System32\WS2_32.dll
0x00007ffebf130000 - 0x00007ffebf142000 	C:\WINDOWS\SYSTEM32\kernel.appcore.dll
0x00007ffeb9ee0000 - 0x00007ffeb9eea000 	C:\Program Files\Java\jdk-16.0.2\bin\jimage.dll
0x00007ffebaf90000 - 0x00007ffebb174000 	C:\WINDOWS\SYSTEM32\DBGHELP.DLL
0x00007ffeb6a10000 - 0x00007ffeb6a3c000 	C:\WINDOWS\SYSTEM32\dbgcore.DLL
0x00007ffec14e0000 - 0x00007ffec1562000 	C:\WINDOWS\System32\bcryptPrimitives.dll
0x00007ffea3180000 - 0x00007ffea31a5000 	C:\Program Files\Java\jdk-16.0.2\bin\java.dll
0x00007ffec3220000 - 0x00007ffec3964000 	C:\WINDOWS\System32\SHELL32.dll
0x00007ffebf330000 - 0x00007ffebfac4000 	C:\WINDOWS\SYSTEM32\windows.storage.dll
0x00007ffec23d0000 - 0x00007ffec2725000 	C:\WINDOWS\System32\combase.dll
0x00007ffec0cb0000 - 0x00007ffec0cde000 	C:\WINDOWS\SYSTEM32\Wldp.dll
0x00007ffec27c0000 - 0x00007ffec286d000 	C:\WINDOWS\System32\SHCORE.dll
0x00007ffec1eb0000 - 0x00007ffec1f05000 	C:\WINDOWS\System32\shlwapi.dll
0x00007ffec11a0000 - 0x00007ffec11bf000 	C:\WINDOWS\SYSTEM32\profapi.dll
0x00007ffea4c10000 - 0x00007ffea4c29000 	C:\Program Files\Java\jdk-16.0.2\bin\net.dll
0x00007ffeb6430000 - 0x00007ffeb653c000 	C:\WINDOWS\SYSTEM32\WINHTTP.dll
0x00007ffec0a10000 - 0x00007ffec0a7a000 	C:\WINDOWS\system32\mswsock.dll
0x00007ffea3160000 - 0x00007ffea3173000 	C:\Program Files\Java\jdk-16.0.2\bin\nio.dll
0x00007ffe9f110000 - 0x00007ffe9f128000 	C:\Program Files\Java\jdk-16.0.2\bin\zip.dll
0x000000006e700000 - 0x000000006e72a000 	C:\Users\Torches\AppData\Local\Temp\libgdxTorches\e1cd32f8\gdx64.dll
0x00007ffeb2480000 - 0x00007ffeb2490000 	C:\Program Files\Java\jdk-16.0.2\bin\verify.dll
0x0000000180000000 - 0x0000000180053000 	C:\Users\Torches\AppData\Local\Temp\libgdxTorches\1cecf4f6\lwjgl64.dll
0x00007ffe8aff0000 - 0x00007ffe8b115000 	C:\WINDOWS\SYSTEM32\OPENGL32.dll
0x00007ffe90910000 - 0x00007ffe9093c000 	C:\WINDOWS\SYSTEM32\GLU32.dll
0x000002924f450000 - 0x000002924f4b4000 	C:\Users\Torches\AppData\Local\Temp\libgdxTorches\1cecf4f6\OpenAL64.dll
0x00007ffec2db0000 - 0x00007ffec2eda000 	C:\WINDOWS\System32\ole32.dll
0x00007ffebeb80000 - 0x00007ffebec1e000 	C:\WINDOWS\system32\uxtheme.dll
0x00007ffec3170000 - 0x00007ffec3219000 	C:\WINDOWS\System32\clbcatq.dll
0x00007ffe8cc20000 - 0x00007ffe8ccbc000 	C:\WINDOWS\SYSTEM32\dsound.dll
0x00007ffec0820000 - 0x00007ffec086b000 	C:\WINDOWS\SYSTEM32\powrprof.dll
0x00007ffe97d60000 - 0x00007ffe97d86000 	C:\WINDOWS\SYSTEM32\winmmbase.dll
0x00007ffec0690000 - 0x00007ffec06a2000 	C:\WINDOWS\SYSTEM32\UMPDC.dll
0x00007ffeba430000 - 0x00007ffeba4b5000 	C:\WINDOWS\System32\MMDevApi.dll
0x00007ffec1000000 - 0x00007ffec1034000 	C:\WINDOWS\System32\DEVOBJ.dll
0x00007ffec1770000 - 0x00007ffec17be000 	C:\WINDOWS\System32\cfgmgr32.dll
0x00007ffeba750000 - 0x00007ffeba8d1000 	C:\WINDOWS\SYSTEM32\AUDIOSES.DLL
0x00007ffec1dc0000 - 0x00007ffec1e8d000 	C:\WINDOWS\System32\OLEAUT32.dll
0x00007ffebed30000 - 0x00007ffebed44000 	C:\WINDOWS\SYSTEM32\resourcepolicyclient.dll
0x00007ffebbdb0000 - 0x00007ffebbe5e000 	C:\WINDOWS\SYSTEM32\mscms.dll
0x00007ffec1120000 - 0x00007ffec114e000 	C:\WINDOWS\SYSTEM32\USERENV.dll
0x00007ffebbbb0000 - 0x00007ffebbbc1000 	C:\WINDOWS\SYSTEM32\ColorAdapterClient.dll
0x00007ffec22b0000 - 0x00007ffec23c5000 	C:\WINDOWS\System32\MSCTF.dll
0x00007ffeab340000 - 0x00007ffeab439000 	C:\WINDOWS\SYSTEM32\textinputframework.dll
0x00007ffebe740000 - 0x00007ffebe832000 	C:\WINDOWS\System32\CoreMessaging.dll
0x00007ffebe0d0000 - 0x00007ffebe42e000 	C:\WINDOWS\System32\CoreUIComponents.dll
0x00007ffebd590000 - 0x00007ffebd6e4000 	C:\WINDOWS\SYSTEM32\wintypes.dll
0x00007ffebff30000 - 0x00007ffebff63000 	C:\WINDOWS\SYSTEM32\ntmarta.dll
0x00007ffeb6a40000 - 0x00007ffeb6aa6000 	C:\WINDOWS\system32\Oleacc.dll
0x00007ffeba030000 - 0x00007ffeba129000 	C:\Windows\System32\AppXDeploymentClient.dll
0x0000000057dc0000 - 0x0000000059b09000 	C:\WINDOWS\SYSTEM32\nvoglv64.DLL
0x00007ffec2870000 - 0x00007ffec2ce2000 	C:\WINDOWS\System32\SETUPAPI.dll
0x00007ffec1260000 - 0x00007ffec1287000 	C:\WINDOWS\System32\bcrypt.dll
0x00007ffebc130000 - 0x00007ffebc144000 	C:\WINDOWS\SYSTEM32\WTSAPI32.dll
0x00007ffec1290000 - 0x00007ffec12f0000 	C:\WINDOWS\System32\WINTRUST.dll
0x00007ffec1570000 - 0x00007ffec16c6000 	C:\WINDOWS\System32\CRYPT32.dll
0x00007ffec0e40000 - 0x00007ffec0e52000 	C:\WINDOWS\System32\MSASN1.dll
0x00007ffebffa0000 - 0x00007ffebfffa000 	C:\WINDOWS\SYSTEM32\WINSTA.dll
0x00007ffebef50000 - 0x00007ffebef7f000 	C:\WINDOWS\system32\dwmapi.dll
0x00007ffeb4f20000 - 0x00007ffeb4f5b000 	C:\WINDOWS\SYSTEM32\dxcore.dll
0x00007ffebbbe0000 - 0x00007ffebbc23000 	C:\WINDOWS\SYSTEM32\icm32.dll
0x00007ffebfb30000 - 0x00007ffebfc24000 	C:\WINDOWS\SYSTEM32\dxgi.dll
0x00007ffebd1c0000 - 0x00007ffebd424000 	C:\WINDOWS\SYSTEM32\d3d11.dll
0x00007ffeb3d50000 - 0x00007ffeb4ecc000 	C:\WINDOWS\SYSTEM32\nvwgf2umx.dll
0x0000000066b00000 - 0x0000000066b5b000 	C:\Users\Torches\AppData\Local\Temp\libgdxTorches\a14961b7\gdx-box2d64.dll

dbghelp: loaded successfully - version: 4.0.5 - missing functions: none
symbol engine: initialized successfully - sym options: 0x614 - pdb path: .;C:\Program Files\Java\jdk-16.0.2\bin;C:\WINDOWS\SYSTEM32;C:\Program Files\Avast Software\Avast;C:\WINDOWS\WinSxS\amd64_microsoft.windows.common-controls_6595b64144ccf1df_6.0.19041.1110_none_60b5254171f9507e;C:\Program Files\Java\jdk-16.0.2\bin\server;C:\Users\Torches\AppData\Local\Temp\libgdxTorches\e1cd32f8;C:\Users\Torches\AppData\Local\Temp\libgdxTorches\1cecf4f6;C:\Users\Torches\AppData\Local\Temp\libgdxTorches\a14961b7

VM Arguments:
jvm_args: -Dfile.encoding=windows-1252 -Duser.country=US -Duser.language=en -Duser.variant 
java_command: com.badlogic.soulknight.desktop.DesktopLauncher
java_class_path (initial): D:\Temp\Soul-Knight-Clone\SoulKnight\desktop\build\classes\java\main;D:\Temp\Soul-Knight-Clone\SoulKnight\desktop\build\resources\main;C:\Users\Torches\.gradle\caches\modules-2\files-2.1\com.badlogicgames.gdx\gdx-tools\1.10.0\d699cf4953fb42a071c7c3feb9b5c45601aa6a4b\gdx-tools-1.10.0.jar;C:\Users\Torches\.gradle\caches\modules-2\files-2.1\com.badlogicgames.gdx\gdx-backend-lwjgl\1.10.0\58ff89d9e4fd8a82591367f187d606e781cacc05\gdx-backend-lwjgl-1.10.0.jar;C:\Users\Torches\.gradle\caches\modules-2\files-2.1\com.badlogicgames.gdx\gdx-platform\1.10.0\9a8fa793d2fd6d360afc6c9e4c1f5583da263b88\gdx-platform-1.10.0-natives-desktop.jar;C:\Users\Torches\.gradle\caches\modules-2\files-2.1\com.badlogicgames.gdx\gdx-box2d-platform\1.10.0\588c4191c5a64ed39365e71484aa37d81c38eb5e\gdx-box2d-platform-1.10.0-natives-desktop.jar;C:\Users\Torches\.gradle\caches\modules-2\files-2.1\com.badlogicgames.gdx-controllers\gdx-controllers-desktop\2.1.0\6a40821fd5233d56ef82a78db790784e0d34a340\gdx-controllers-desktop-2.1.0.jar;C:\Users\Torches\.gradle\caches\modules-2\files-2.1\com.badlogicgames.gdx\gdx-freetype-platform\1.10.0\6e5d28752759e69384f12e4569d2c884ff71352f\gdx-freetype-platform-1.10.0-natives-desktop.jar;C:\Users\Torches\.gradle\caches\modules-2\files-2.1\com.badlogicgames.gdx\gdx-bullet-platform\1.10.0\ce92e8dfc762523d769cbc50853163c03bf98cf1\gdx-bullet-platform-1.10.0-natives-desktop.jar;D:\Temp\Soul-Knight-Clone\SoulKnight\core\build\libs\core-1.0.jar;C:\Users\Torches\.gradle\caches\modules-2\files-2.1\com.badlogicgames.gdx-controllers\gdx-controllers-core\2.1.0\7c282de3958795a6da5dd3cc2d64b9389a8f9142\gdx-controllers-core-2.1.0.jar;C:\Users\Torches\.gradle\caches\modules-2\files-2.1\com.badlogicgames.gdx\gdx-backend-headless\1.10.0\990eadbb431197c5b9b816d1659c772e0268e65\gdx-backend-headless-1.10.0.jar;C:\Users\Torches\.gradle\caches\modules-2\files-2.1\com.badlogicgames.gdx\gdx-freetype\1.10.0\de1d0d5c1e92e8d91364256fd6b7bb279d3e9859\gdx-freetype-1.10.0
Launcher Type: SUN_STANDARD

[Global flags]
     intx CICompilerCount                          = 4                                         {product} {ergonomic}
     uint ConcGCThreads                            = 2                                         {product} {ergonomic}
     uint G1ConcRefinementThreads                  = 8                                         {product} {ergonomic}
   size_t G1HeapRegionSize                         = 1048576                                   {product} {ergonomic}
    uintx GCDrainStackTargetSize                   = 64                                        {product} {ergonomic}
   size_t InitialHeapSize                          = 134217728                                 {product} {ergonomic}
   size_t MarkStackSize                            = 4194304                                   {product} {ergonomic}
   size_t MaxHeapSize                              = 2132803584                                {product} {ergonomic}
   size_t MaxNewSize                               = 1279262720                                {product} {ergonomic}
   size_t MinHeapDeltaBytes                        = 1048576                                   {product} {ergonomic}
   size_t MinHeapSize                              = 8388608                                   {product} {ergonomic}
    uintx NonNMethodCodeHeapSize                   = 5839372                                {pd product} {ergonomic}
    uintx NonProfiledCodeHeapSize                  = 122909434                              {pd product} {ergonomic}
    uintx ProfiledCodeHeapSize                     = 122909434                              {pd product} {ergonomic}
    uintx ReservedCodeCacheSize                    = 251658240                              {pd product} {ergonomic}
     bool SegmentedCodeCache                       = true                                      {product} {ergonomic}
   size_t SoftMaxHeapSize                          = 2132803584                             {manageable} {ergonomic}
     bool UseCompressedClassPointers               = true                           {product lp64_product} {ergonomic}
     bool UseCompressedOops                        = true                           {product lp64_product} {ergonomic}
     bool UseG1GC                                  = true                                      {product} {ergonomic}
     bool UseLargePagesIndividualAllocation        = false                                  {pd product} {ergonomic}

Logging:
Log output configuration:
 #0: stdout all=warning uptime,level,tags
 #1: stderr all=off uptime,level,tags

Environment Variables:
JAVA_HOME=C:\Program Files (x86)\Common Files\Oracle\Java\javapath\java.exe
PATH=C:\Program Files\Common Files\Oracle\Java\javapath;C:\Program Files (x86)\Common Files\Oracle\Java\javapath;C:\WINDOWS\system32;C:\WINDOWS;C:\WINDOWS\System32\Wbem;C:\WINDOWS\System32\WindowsPowerShell\v1.0\;C:\WINDOWS\System32\OpenSSH\;C:\MinGW\bin;C:\ProgramData\chocolatey\bin;C:\Program Files\Git\cmd;C:\Users\Torches\AppData\Local\Microsoft\WindowsApps;C:\Users\Torches\AppData\Local\Programs\Microsoft VS Code\bin;C:\Program Files\JetBrains\IntelliJ IDEA Community Edition 2021.2.1\bin;
USERNAME=Torches
OS=Windows_NT
PROCESSOR_IDENTIFIER=Intel64 Family 6 Model 60 Stepping 3, GenuineIntel



---------------  S Y S T E M  ---------------

OS:
 Windows 10 , 64 bit Build 19041 (10.0.19041.1348)
OS uptime: 0 days 2:05 hours

CPU: total 8 (initial active 8) (4 cores per cpu, 2 threads per core) family 6 model 60 stepping 3 microcode 0x27, cx8, cmov, fxsr, ht, mmx, sse, sse2, sse3, ssse3, sse4.1, sse4.2, popcnt, lzcnt, tsc, tscinvbit, avx, avx2, aes, erms, clmul, bmi1, bmi2, fma, vzeroupper, clflush

Memory: 4k page, system-wide physical 8131M (803M free)
TotalPageFile size 16067M (AvailPageFile size 3572M)
current process WorkingSet (physical memory assigned to process): 216M, peak: 216M
current process commit charge ("private bytes"): 451M, peak: 451M

vm_info: Java HotSpot(TM) 64-Bit Server VM (16.0.2+7-67) for windows-amd64 JRE (16.0.2+7-67), built on Jun  8 2021 23:24:19 by "mach5one" with MS VC++ 16.7 (VS2019)

END.
